{"/home/rudolph/src/tui/cumin/src/index.ts": {"path":"/home/rudolph/src/tui/cumin/src/index.ts","statementMap":{"0":{"start":{"line":28,"column":0},"end":{"line":28,"column":7}},"1":{"start":{"line":3,"column":0},"end":{"line":3,"column":19}},"2":{"start":{"line":4,"column":0},"end":{"line":4,"column":35}},"3":{"start":{"line":5,"column":0},"end":{"line":5,"column":32}},"4":{"start":{"line":6,"column":0},"end":{"line":6,"column":34}},"5":{"start":{"line":7,"column":0},"end":{"line":7,"column":42}},"6":{"start":{"line":8,"column":0},"end":{"line":8,"column":39}},"7":{"start":{"line":9,"column":0},"end":{"line":9,"column":39}},"8":{"start":{"line":10,"column":0},"end":{"line":10,"column":49}},"9":{"start":{"line":11,"column":0},"end":{"line":11,"column":43}},"10":{"start":{"line":12,"column":0},"end":{"line":12,"column":47}},"11":{"start":{"line":13,"column":0},"end":{"line":13,"column":44}},"12":{"start":{"line":14,"column":0},"end":{"line":14,"column":55}},"13":{"start":{"line":15,"column":0},"end":{"line":15,"column":47}},"14":{"start":{"line":16,"column":0},"end":{"line":16,"column":41}},"15":{"start":{"line":17,"column":0},"end":{"line":17,"column":29}},"16":{"start":{"line":18,"column":0},"end":{"line":18,"column":24}},"17":{"start":{"line":19,"column":0},"end":{"line":19,"column":29}},"18":{"start":{"line":20,"column":0},"end":{"line":20,"column":32}},"19":{"start":{"line":29,"column":18},"end":{"line":29,"column":25}},"20":{"start":{"line":32,"column":2},"end":{"line":32,"column":17}},"21":{"start":{"line":39,"column":2},"end":{"line":39,"column":28}},"22":{"start":{"line":44,"column":0},"end":{"line":49,"column":1}},"23":{"start":{"line":45,"column":2},"end":{"line":48,"column":5}},"24":{"start":{"line":46,"column":4},"end":{"line":46,"column":47}},"25":{"start":{"line":47,"column":4},"end":{"line":47,"column":20}}},"fnMap":{"0":{"name":"getChrisVersion","decl":{"start":{"line":28,"column":22},"end":{"line":28,"column":37}},"loc":{"start":{"line":28,"column":49},"end":{"line":33,"column":1}}},"1":{"name":"main","decl":{"start":{"line":38,"column":15},"end":{"line":38,"column":19}},"loc":{"start":{"line":38,"column":19},"end":{"line":40,"column":1}}},"2":{"name":"(anonymous_6)","decl":{"start":{"line":45,"column":15},"end":{"line":45,"column":16}},"loc":{"start":{"line":45,"column":25},"end":{"line":48,"column":3}}}},"branchMap":{"0":{"loc":{"start":{"line":44,"column":0},"end":{"line":49,"column":1}},"type":"if","locations":[{"start":{"line":44,"column":0},"end":{"line":49,"column":1}}]}},"s":{"0":1,"1":1,"2":1,"3":1,"4":1,"5":1,"6":1,"7":1,"8":1,"9":1,"10":1,"11":1,"12":1,"13":1,"14":1,"15":1,"16":1,"17":1,"18":1,"19":1,"20":1,"21":0,"22":1,"23":0,"24":0,"25":0},"f":{"0":1,"1":0,"2":0},"b":{"0":[0]}}
,"/home/rudolph/src/tui/cumin/src/config/config.ts": {"path":"/home/rudolph/src/tui/cumin/src/config/config.ts","statementMap":{"0":{"start":{"line":417,"column":0},"end":{"line":417,"column":7}},"1":{"start":{"line":4,"column":0},"end":{"line":4,"column":52}},"2":{"start":{"line":5,"column":0},"end":{"line":5,"column":29}},"3":{"start":{"line":6,"column":0},"end":{"line":6,"column":25}},"4":{"start":{"line":8,"column":13},"end":{"line":8,"column":28}},"5":{"start":{"line":48,"column":4},"end":{"line":48,"column":32}},"6":{"start":{"line":66,"column":4},"end":{"line":66,"column":43}},"7":{"start":{"line":68,"column":6},"end":{"line":68,"column":71}},"8":{"start":{"line":69,"column":4},"end":{"line":69,"column":49}},"9":{"start":{"line":70,"column":4},"end":{"line":70,"column":55}},"10":{"start":{"line":71,"column":4},"end":{"line":72,"column":71}},"11":{"start":{"line":73,"column":4},"end":{"line":73,"column":55}},"12":{"start":{"line":74,"column":4},"end":{"line":74,"column":65}},"13":{"start":{"line":75,"column":4},"end":{"line":75,"column":63}},"14":{"start":{"line":76,"column":4},"end":{"line":76,"column":59}},"15":{"start":{"line":77,"column":4},"end":{"line":77,"column":59}},"16":{"start":{"line":78,"column":4},"end":{"line":78,"column":53}},"17":{"start":{"line":79,"column":4},"end":{"line":79,"column":70}},"18":{"start":{"line":93,"column":4},"end":{"line":96,"column":5}},"19":{"start":{"line":94,"column":6},"end":{"line":94,"column":81}},"20":{"start":{"line":95,"column":6},"end":{"line":95,"column":45}},"21":{"start":{"line":97,"column":4},"end":{"line":97,"column":37}},"22":{"start":{"line":105,"column":4},"end":{"line":105,"column":48}},"23":{"start":{"line":106,"column":36},"end":{"line":106,"column":62}},"24":{"start":{"line":107,"column":4},"end":{"line":109,"column":5}},"25":{"start":{"line":108,"column":6},"end":{"line":108,"column":13}},"26":{"start":{"line":110,"column":4},"end":{"line":110,"column":62}},"27":{"start":{"line":111,"column":4},"end":{"line":111,"column":78}},"28":{"start":{"line":112,"column":35},"end":{"line":112,"column":61}},"29":{"start":{"line":113,"column":4},"end":{"line":115,"column":5}},"30":{"start":{"line":114,"column":6},"end":{"line":114,"column":13}},"31":{"start":{"line":116,"column":4},"end":{"line":119,"column":6}},"32":{"start":{"line":120,"column":4},"end":{"line":120,"column":77}},"33":{"start":{"line":129,"column":4},"end":{"line":131,"column":5}},"34":{"start":{"line":130,"column":6},"end":{"line":130,"column":65}},"35":{"start":{"line":141,"column":4},"end":{"line":145,"column":28}},"36":{"start":{"line":156,"column":14},"end":{"line":159,"column":27}},"37":{"start":{"line":162,"column":18},"end":{"line":162,"column":34}},"38":{"start":{"line":163,"column":4},"end":{"line":165,"column":5}},"39":{"start":{"line":164,"column":6},"end":{"line":164,"column":48}},"40":{"start":{"line":167,"column":29},"end":{"line":167,"column":34}},"41":{"start":{"line":169,"column":39},"end":{"line":169,"column":54}},"42":{"start":{"line":171,"column":17},"end":{"line":171,"column":36}},"43":{"start":{"line":174,"column":4},"end":{"line":174,"column":49}},"44":{"start":{"line":184,"column":4},"end":{"line":184,"column":35}},"45":{"start":{"line":185,"column":4},"end":{"line":185,"column":58}},"46":{"start":{"line":186,"column":4},"end":{"line":186,"column":53}},"47":{"start":{"line":187,"column":4},"end":{"line":187,"column":78}},"48":{"start":{"line":188,"column":4},"end":{"line":190,"column":5}},"49":{"start":{"line":189,"column":6},"end":{"line":189,"column":13}},"50":{"start":{"line":191,"column":4},"end":{"line":191,"column":34}},"51":{"start":{"line":192,"column":4},"end":{"line":195,"column":6}},"52":{"start":{"line":196,"column":4},"end":{"line":196,"column":58}},"53":{"start":{"line":197,"column":4},"end":{"line":197,"column":77}},"54":{"start":{"line":207,"column":20},"end":{"line":207,"column":51}},"55":{"start":{"line":208,"column":27},"end":{"line":208,"column":51}},"56":{"start":{"line":210,"column":4},"end":{"line":213,"column":5}},"57":{"start":{"line":211,"column":6},"end":{"line":211,"column":64}},"58":{"start":{"line":212,"column":6},"end":{"line":212,"column":18}},"59":{"start":{"line":214,"column":4},"end":{"line":217,"column":6}},"60":{"start":{"line":218,"column":4},"end":{"line":218,"column":17}},"61":{"start":{"line":228,"column":19},"end":{"line":228,"column":54}},"62":{"start":{"line":229,"column":26},"end":{"line":229,"column":64}},"63":{"start":{"line":231,"column":4},"end":{"line":234,"column":5}},"64":{"start":{"line":232,"column":6},"end":{"line":232,"column":67}},"65":{"start":{"line":233,"column":6},"end":{"line":233,"column":18}},"66":{"start":{"line":235,"column":4},"end":{"line":238,"column":6}},"67":{"start":{"line":239,"column":4},"end":{"line":239,"column":17}},"68":{"start":{"line":248,"column":4},"end":{"line":248,"column":56}},"69":{"start":{"line":257,"column":31},"end":{"line":258,"column":null}},"70":{"start":{"line":260,"column":4},"end":{"line":260,"column":15}},"71":{"start":{"line":43,"column":0},"end":{"line":43,"column":13}},"72":{"start":{"line":285,"column":4},"end":{"line":285,"column":48}},"73":{"start":{"line":286,"column":4},"end":{"line":286,"column":49}},"74":{"start":{"line":287,"column":4},"end":{"line":287,"column":51}},"75":{"start":{"line":288,"column":4},"end":{"line":288,"column":51}},"76":{"start":{"line":289,"column":4},"end":{"line":289,"column":57}},"77":{"start":{"line":290,"column":4},"end":{"line":290,"column":55}},"78":{"start":{"line":291,"column":4},"end":{"line":291,"column":45}},"79":{"start":{"line":292,"column":4},"end":{"line":292,"column":43}},"80":{"start":{"line":296,"column":4},"end":{"line":296,"column":33}},"81":{"start":{"line":310,"column":4},"end":{"line":318,"column":5}},"82":{"start":{"line":311,"column":31},"end":{"line":311,"column":83}},"83":{"start":{"line":312,"column":6},"end":{"line":316,"column":8}},"84":{"start":{"line":317,"column":6},"end":{"line":317,"column":42}},"85":{"start":{"line":319,"column":4},"end":{"line":319,"column":34}},"86":{"start":{"line":327,"column":4},"end":{"line":330,"column":6}},"87":{"start":{"line":331,"column":4},"end":{"line":334,"column":6}},"88":{"start":{"line":335,"column":4},"end":{"line":338,"column":6}},"89":{"start":{"line":348,"column":4},"end":{"line":348,"column":61}},"90":{"start":{"line":349,"column":4},"end":{"line":349,"column":16}},"91":{"start":{"line":358,"column":4},"end":{"line":358,"column":55}},"92":{"start":{"line":368,"column":4},"end":{"line":368,"column":64}},"93":{"start":{"line":369,"column":4},"end":{"line":369,"column":16}},"94":{"start":{"line":378,"column":4},"end":{"line":378,"column":56}},"95":{"start":{"line":388,"column":4},"end":{"line":388,"column":68}},"96":{"start":{"line":389,"column":4},"end":{"line":389,"column":16}},"97":{"start":{"line":398,"column":4},"end":{"line":398,"column":58}},"98":{"start":{"line":268,"column":0},"end":{"line":268,"column":13}},"99":{"start":{"line":418,"column":2},"end":{"line":418,"column":74}},"100":{"start":{"line":419,"column":2},"end":{"line":419,"column":68}}},"fnMap":{"0":{"name":"(anonymous_9)","decl":{"start":{"line":47,"column":2},"end":{"line":47,"column":13}},"loc":{"start":{"line":47,"column":20},"end":{"line":49,"column":3}}},"1":{"name":"(anonymous_10)","decl":{"start":{"line":62,"column":2},"end":{"line":62,"column":null}},"loc":{"start":{"line":64,"column":37},"end":{"line":80,"column":3}}},"2":{"name":"(anonymous_11)","decl":{"start":{"line":89,"column":9},"end":{"line":89,"column":15}},"loc":{"start":{"line":91,"column":37},"end":{"line":98,"column":3}}},"3":{"name":"(anonymous_12)","decl":{"start":{"line":104,"column":9},"end":{"line":104,"column":14}},"loc":{"start":{"line":104,"column":19},"end":{"line":121,"column":3}}},"4":{"name":"(anonymous_13)","decl":{"start":{"line":128,"column":10},"end":{"line":128,"column":15}},"loc":{"start":{"line":128,"column":44},"end":{"line":132,"column":3}}},"5":{"name":"(anonymous_14)","decl":{"start":{"line":140,"column":9},"end":{"line":140,"column":18}},"loc":{"start":{"line":140,"column":30},"end":{"line":146,"column":3}}},"6":{"name":"(anonymous_15)","decl":{"start":{"line":155,"column":9},"end":{"line":155,"column":18}},"loc":{"start":{"line":155,"column":30},"end":{"line":175,"column":3}}},"7":{"name":"(anonymous_16)","decl":{"start":{"line":183,"column":9},"end":{"line":183,"column":14}},"loc":{"start":{"line":183,"column":53},"end":{"line":198,"column":3}}},"8":{"name":"(anonymous_17)","decl":{"start":{"line":206,"column":9},"end":{"line":206,"column":14}},"loc":{"start":{"line":206,"column":41},"end":{"line":219,"column":3}}},"9":{"name":"(anonymous_18)","decl":{"start":{"line":227,"column":9},"end":{"line":227,"column":14}},"loc":{"start":{"line":227,"column":40},"end":{"line":240,"column":3}}},"10":{"name":"(anonymous_19)","decl":{"start":{"line":247,"column":9},"end":{"line":247,"column":14}},"loc":{"start":{"line":247,"column":28},"end":{"line":249,"column":3}}},"11":{"name":"(anonymous_20)","decl":{"start":{"line":256,"column":9},"end":{"line":256,"column":14}},"loc":{"start":{"line":256,"column":28},"end":{"line":261,"column":3}}},"12":{"name":"(anonymous_21)","decl":{"start":{"line":280,"column":2},"end":{"line":280,"column":null}},"loc":{"start":{"line":283,"column":37},"end":{"line":293,"column":3}}},"13":{"name":"(anonymous_22)","decl":{"start":{"line":295,"column":2},"end":{"line":295,"column":6}},"loc":{"start":{"line":295,"column":16},"end":{"line":297,"column":3}}},"14":{"name":"(anonymous_23)","decl":{"start":{"line":306,"column":9},"end":{"line":306,"column":15}},"loc":{"start":{"line":308,"column":34},"end":{"line":320,"column":3}}},"15":{"name":"(anonymous_24)","decl":{"start":{"line":326,"column":9},"end":{"line":326,"column":14}},"loc":{"start":{"line":326,"column":19},"end":{"line":339,"column":3}}},"16":{"name":"(anonymous_25)","decl":{"start":{"line":347,"column":9},"end":{"line":347,"column":14}},"loc":{"start":{"line":347,"column":43},"end":{"line":350,"column":3}}},"17":{"name":"(anonymous_26)","decl":{"start":{"line":357,"column":9},"end":{"line":357,"column":14}},"loc":{"start":{"line":357,"column":30},"end":{"line":359,"column":3}}},"18":{"name":"(anonymous_27)","decl":{"start":{"line":367,"column":9},"end":{"line":367,"column":14}},"loc":{"start":{"line":367,"column":45},"end":{"line":370,"column":3}}},"19":{"name":"(anonymous_28)","decl":{"start":{"line":377,"column":9},"end":{"line":377,"column":14}},"loc":{"start":{"line":377,"column":30},"end":{"line":379,"column":3}}},"20":{"name":"(anonymous_29)","decl":{"start":{"line":387,"column":9},"end":{"line":387,"column":14}},"loc":{"start":{"line":387,"column":49},"end":{"line":390,"column":3}}},"21":{"name":"(anonymous_30)","decl":{"start":{"line":397,"column":9},"end":{"line":397,"column":14}},"loc":{"start":{"line":397,"column":32},"end":{"line":399,"column":3}}},"22":{"name":"config_init","decl":{"start":{"line":417,"column":22},"end":{"line":417,"column":33}},"loc":{"start":{"line":417,"column":67},"end":{"line":420,"column":1}}}},"branchMap":{"0":{"loc":{"start":{"line":63,"column":4},"end":{"line":63,"column":41}},"type":"default-arg","locations":[{"start":{"line":63,"column":39},"end":{"line":63,"column":41}}]},"1":{"loc":{"start":{"line":68,"column":6},"end":{"line":68,"column":71}},"type":"binary-expr","locations":[{"start":{"line":68,"column":6},"end":{"line":68,"column":33}},{"start":{"line":68,"column":37},"end":{"line":68,"column":71}}]},"2":{"loc":{"start":{"line":70,"column":20},"end":{"line":70,"column":54}},"type":"binary-expr","locations":[{"start":{"line":70,"column":20},"end":{"line":70,"column":36}},{"start":{"line":70,"column":40},"end":{"line":70,"column":54}}]},"3":{"loc":{"start":{"line":72,"column":6},"end":{"line":72,"column":70}},"type":"binary-expr","locations":[{"start":{"line":72,"column":6},"end":{"line":72,"column":26}},{"start":{"line":72,"column":30},"end":{"line":72,"column":70}}]},"4":{"loc":{"start":{"line":73,"column":26},"end":{"line":73,"column":54}},"type":"binary-expr","locations":[{"start":{"line":73,"column":26},"end":{"line":73,"column":48}},{"start":{"line":73,"column":52},"end":{"line":73,"column":54}}]},"5":{"loc":{"start":{"line":74,"column":31},"end":{"line":74,"column":64}},"type":"binary-expr","locations":[{"start":{"line":74,"column":31},"end":{"line":74,"column":58}},{"start":{"line":74,"column":62},"end":{"line":74,"column":64}}]},"6":{"loc":{"start":{"line":75,"column":24},"end":{"line":75,"column":62}},"type":"binary-expr","locations":[{"start":{"line":75,"column":24},"end":{"line":75,"column":44}},{"start":{"line":75,"column":48},"end":{"line":75,"column":62}}]},"7":{"loc":{"start":{"line":76,"column":28},"end":{"line":76,"column":58}},"type":"binary-expr","locations":[{"start":{"line":76,"column":28},"end":{"line":76,"column":52}},{"start":{"line":76,"column":56},"end":{"line":76,"column":58}}]},"8":{"loc":{"start":{"line":78,"column":25},"end":{"line":78,"column":52}},"type":"binary-expr","locations":[{"start":{"line":78,"column":25},"end":{"line":78,"column":46}},{"start":{"line":78,"column":50},"end":{"line":78,"column":52}}]},"9":{"loc":{"start":{"line":79,"column":28},"end":{"line":79,"column":69}},"type":"binary-expr","locations":[{"start":{"line":79,"column":28},"end":{"line":79,"column":52}},{"start":{"line":79,"column":56},"end":{"line":79,"column":69}}]},"10":{"loc":{"start":{"line":93,"column":4},"end":{"line":96,"column":5}},"type":"if","locations":[{"start":{"line":93,"column":4},"end":{"line":96,"column":5}}]},"11":{"loc":{"start":{"line":107,"column":4},"end":{"line":109,"column":5}},"type":"if","locations":[{"start":{"line":107,"column":4},"end":{"line":109,"column":5}}]},"12":{"loc":{"start":{"line":113,"column":4},"end":{"line":115,"column":5}},"type":"if","locations":[{"start":{"line":113,"column":4},"end":{"line":115,"column":5}}]},"13":{"loc":{"start":{"line":129,"column":4},"end":{"line":131,"column":5}},"type":"if","locations":[{"start":{"line":129,"column":4},"end":{"line":131,"column":5}}]},"14":{"loc":{"start":{"line":163,"column":4},"end":{"line":165,"column":5}},"type":"if","locations":[{"start":{"line":163,"column":4},"end":{"line":165,"column":5}}]},"15":{"loc":{"start":{"line":188,"column":4},"end":{"line":190,"column":5}},"type":"if","locations":[{"start":{"line":188,"column":4},"end":{"line":190,"column":5}}]},"16":{"loc":{"start":{"line":210,"column":4},"end":{"line":213,"column":5}},"type":"if","locations":[{"start":{"line":210,"column":4},"end":{"line":213,"column":5}}]},"17":{"loc":{"start":{"line":231,"column":4},"end":{"line":234,"column":5}},"type":"if","locations":[{"start":{"line":231,"column":4},"end":{"line":234,"column":5}}]},"18":{"loc":{"start":{"line":281,"column":4},"end":{"line":281,"column":38}},"type":"default-arg","locations":[{"start":{"line":281,"column":36},"end":{"line":281,"column":38}}]},"19":{"loc":{"start":{"line":285,"column":19},"end":{"line":285,"column":47}},"type":"binary-expr","locations":[{"start":{"line":285,"column":19},"end":{"line":285,"column":34}},{"start":{"line":285,"column":38},"end":{"line":285,"column":47}}]},"20":{"loc":{"start":{"line":286,"column":23},"end":{"line":286,"column":48}},"type":"binary-expr","locations":[{"start":{"line":286,"column":23},"end":{"line":286,"column":42}},{"start":{"line":286,"column":46},"end":{"line":286,"column":48}}]},"21":{"loc":{"start":{"line":287,"column":20},"end":{"line":287,"column":50}},"type":"binary-expr","locations":[{"start":{"line":287,"column":20},"end":{"line":287,"column":36}},{"start":{"line":287,"column":40},"end":{"line":287,"column":50}}]},"22":{"loc":{"start":{"line":288,"column":24},"end":{"line":288,"column":50}},"type":"binary-expr","locations":[{"start":{"line":288,"column":24},"end":{"line":288,"column":44}},{"start":{"line":288,"column":48},"end":{"line":288,"column":50}}]},"23":{"loc":{"start":{"line":289,"column":22},"end":{"line":289,"column":56}},"type":"binary-expr","locations":[{"start":{"line":289,"column":22},"end":{"line":289,"column":40}},{"start":{"line":289,"column":44},"end":{"line":289,"column":56}}]},"24":{"loc":{"start":{"line":290,"column":26},"end":{"line":290,"column":54}},"type":"binary-expr","locations":[{"start":{"line":290,"column":26},"end":{"line":290,"column":48}},{"start":{"line":290,"column":52},"end":{"line":290,"column":54}}]},"25":{"loc":{"start":{"line":310,"column":4},"end":{"line":318,"column":5}},"type":"if","locations":[{"start":{"line":310,"column":4},"end":{"line":318,"column":5}}]}},"s":{"0":1,"1":1,"2":1,"3":1,"4":1,"5":0,"6":0,"7":0,"8":0,"9":0,"10":0,"11":0,"12":0,"13":0,"14":0,"15":0,"16":0,"17":0,"18":0,"19":0,"20":0,"21":0,"22":0,"23":0,"24":0,"25":0,"26":0,"27":0,"28":0,"29":0,"30":0,"31":0,"32":0,"33":0,"34":0,"35":0,"36":0,"37":0,"38":0,"39":0,"40":0,"41":0,"42":0,"43":0,"44":0,"45":0,"46":0,"47":0,"48":0,"49":0,"50":0,"51":0,"52":0,"53":0,"54":0,"55":0,"56":0,"57":0,"58":0,"59":0,"60":0,"61":0,"62":0,"63":0,"64":0,"65":0,"66":0,"67":0,"68":0,"69":0,"70":0,"71":1,"72":0,"73":0,"74":0,"75":0,"76":0,"77":0,"78":0,"79":0,"80":0,"81":0,"82":0,"83":0,"84":0,"85":0,"86":0,"87":0,"88":0,"89":0,"90":0,"91":0,"92":0,"93":0,"94":0,"95":0,"96":0,"97":0,"98":1,"99":0,"100":0},"f":{"0":0,"1":0,"2":0,"3":0,"4":0,"5":0,"6":0,"7":0,"8":0,"9":0,"10":0,"11":0,"12":0,"13":0,"14":0,"15":0,"16":0,"17":0,"18":0,"19":0,"20":0,"21":0,"22":0},"b":{"0":[0],"1":[0,0],"2":[0,0],"3":[0,0],"4":[0,0],"5":[0,0],"6":[0,0],"7":[0,0],"8":[0,0],"9":[0,0],"10":[0],"11":[0],"12":[0],"13":[0],"14":[0],"15":[0],"16":[0],"17":[0],"18":[0],"19":[0,0],"20":[0,0],"21":[0,0],"22":[0,0],"23":[0,0],"24":[0,0],"25":[0]}}
,"/home/rudolph/src/tui/cumin/src/connect/chrisConnection.ts": {"path":"/home/rudolph/src/tui/cumin/src/connect/chrisConnection.ts","statementMap":{"0":{"start":{"line":306,"column":0},"end":{"line":306,"column":7}},"1":{"start":{"line":12,"column":0},"end":{"line":12,"column":7}},"2":{"start":{"line":25,"column":9},"end":{"line":12,"column":38}},"3":{"start":{"line":13,"column":0},"end":{"line":13,"column":86}},"4":{"start":{"line":14,"column":0},"end":{"line":14,"column":null}},"5":{"start":{"line":43,"column":2},"end":{"line":45,"column":3}},"6":{"start":{"line":44,"column":4},"end":{"line":44,"column":19}},"7":{"start":{"line":46,"column":2},"end":{"line":48,"column":3}},"8":{"start":{"line":47,"column":4},"end":{"line":47,"column":19}},"9":{"start":{"line":49,"column":2},"end":{"line":49,"column":23}},"10":{"start":{"line":56,"column":10},"end":{"line":56,"column":42}},"11":{"start":{"line":58,"column":10},"end":{"line":58,"column":37}},"12":{"start":{"line":59,"column":10},"end":{"line":59,"column":41}},"13":{"start":{"line":60,"column":10},"end":{"line":60,"column":39}},"14":{"start":{"line":70,"column":4},"end":{"line":72,"column":5}},"15":{"start":{"line":71,"column":6},"end":{"line":71,"column":41}},"16":{"start":{"line":81,"column":4},"end":{"line":81,"column":25}},"17":{"start":{"line":82,"column":4},"end":{"line":82,"column":43}},"18":{"start":{"line":83,"column":4},"end":{"line":83,"column":47}},"19":{"start":{"line":92,"column":59},"end":{"line":92,"column":66}},"20":{"start":{"line":93,"column":28},"end":{"line":93,"column":47}},"21":{"start":{"line":94,"column":4},"end":{"line":94,"column":21}},"22":{"start":{"line":95,"column":4},"end":{"line":95,"column":24}},"23":{"start":{"line":96,"column":4},"end":{"line":96,"column":58}},"24":{"start":{"line":97,"column":4},"end":{"line":97,"column":45}},"25":{"start":{"line":98,"column":4},"end":{"line":98,"column":47}},"26":{"start":{"line":99,"column":4},"end":{"line":130,"column":5}},"27":{"start":{"line":100,"column":6},"end":{"line":100,"column":74}},"28":{"start":{"line":101,"column":6},"end":{"line":110,"column":7}},"29":{"start":{"line":102,"column":8},"end":{"line":102,"column":53}},"30":{"start":{"line":103,"column":8},"end":{"line":103,"column":68}},"31":{"start":{"line":104,"column":8},"end":{"line":104,"column":53}},"32":{"start":{"line":105,"column":8},"end":{"line":105,"column":52}},"33":{"start":{"line":106,"column":8},"end":{"line":106,"column":30}},"34":{"start":{"line":108,"column":8},"end":{"line":108,"column":52}},"35":{"start":{"line":109,"column":8},"end":{"line":109,"column":20}},"36":{"start":{"line":112,"column":6},"end":{"line":114,"column":8}},"37":{"start":{"line":115,"column":6},"end":{"line":117,"column":8}},"38":{"start":{"line":118,"column":6},"end":{"line":120,"column":8}},"39":{"start":{"line":121,"column":6},"end":{"line":123,"column":8}},"40":{"start":{"line":124,"column":6},"end":{"line":124,"column":72}},"41":{"start":{"line":125,"column":6},"end":{"line":125,"column":58}},"42":{"start":{"line":126,"column":6},"end":{"line":128,"column":7}},"43":{"start":{"line":127,"column":8},"end":{"line":127,"column":20}},"44":{"start":{"line":129,"column":6},"end":{"line":129,"column":22}},"45":{"start":{"line":139,"column":42},"end":{"line":139,"column":84}},"46":{"start":{"line":140,"column":4},"end":{"line":140,"column":43}},"47":{"start":{"line":141,"column":41},"end":{"line":141,"column":77}},"48":{"start":{"line":143,"column":26},"end":{"line":143,"column":30}},"49":{"start":{"line":144,"column":32},"end":{"line":144,"column":37}},"50":{"start":{"line":146,"column":4},"end":{"line":156,"column":5}},"51":{"start":{"line":147,"column":6},"end":{"line":149,"column":80}},"52":{"start":{"line":150,"column":6},"end":{"line":150,"column":37}},"53":{"start":{"line":151,"column":6},"end":{"line":151,"column":26}},"54":{"start":{"line":152,"column":6},"end":{"line":155,"column":8}},"55":{"start":{"line":158,"column":4},"end":{"line":165,"column":5}},"56":{"start":{"line":159,"column":6},"end":{"line":160,"column":88}},"57":{"start":{"line":161,"column":6},"end":{"line":161,"column":40}},"58":{"start":{"line":162,"column":6},"end":{"line":162,"column":38}},"59":{"start":{"line":163,"column":6},"end":{"line":163,"column":26}},"60":{"start":{"line":164,"column":6},"end":{"line":164,"column":72}},"61":{"start":{"line":167,"column":4},"end":{"line":171,"column":5}},"62":{"start":{"line":168,"column":6},"end":{"line":170,"column":84}},"63":{"start":{"line":173,"column":4},"end":{"line":177,"column":5}},"64":{"start":{"line":174,"column":6},"end":{"line":176,"column":80}},"65":{"start":{"line":179,"column":4},"end":{"line":183,"column":5}},"66":{"start":{"line":180,"column":6},"end":{"line":182,"column":84}},"67":{"start":{"line":186,"column":4},"end":{"line":188,"column":5}},"68":{"start":{"line":187,"column":6},"end":{"line":187,"column":34}},"69":{"start":{"line":190,"column":4},"end":{"line":190,"column":18}},"70":{"start":{"line":199,"column":4},"end":{"line":201,"column":5}},"71":{"start":{"line":200,"column":6},"end":{"line":200,"column":30}},"72":{"start":{"line":202,"column":4},"end":{"line":202,"column":26}},"73":{"start":{"line":210,"column":4},"end":{"line":212,"column":5}},"74":{"start":{"line":211,"column":6},"end":{"line":211,"column":56}},"75":{"start":{"line":213,"column":4},"end":{"line":213,"column":25}},"76":{"start":{"line":221,"column":36},"end":{"line":221,"column":40}},"77":{"start":{"line":222,"column":4},"end":{"line":222,"column":47}},"78":{"start":{"line":223,"column":4},"end":{"line":223,"column":46}},"79":{"start":{"line":224,"column":4},"end":{"line":224,"column":62}},"80":{"start":{"line":225,"column":4},"end":{"line":227,"column":5}},"81":{"start":{"line":226,"column":6},"end":{"line":226,"column":73}},"82":{"start":{"line":228,"column":4},"end":{"line":228,"column":23}},"83":{"start":{"line":236,"column":4},"end":{"line":245,"column":5}},"84":{"start":{"line":242,"column":6},"end":{"line":244,"column":7}},"85":{"start":{"line":243,"column":8},"end":{"line":243,"column":75}},"86":{"start":{"line":246,"column":4},"end":{"line":246,"column":23}},"87":{"start":{"line":254,"column":4},"end":{"line":254,"column":35}},"88":{"start":{"line":261,"column":4},"end":{"line":261,"column":26}},"89":{"start":{"line":262,"column":4},"end":{"line":267,"column":5}},"90":{"start":{"line":263,"column":6},"end":{"line":263,"column":56}},"91":{"start":{"line":264,"column":6},"end":{"line":264,"column":45}},"92":{"start":{"line":266,"column":6},"end":{"line":266,"column":51}},"93":{"start":{"line":276,"column":4},"end":{"line":281,"column":5}},"94":{"start":{"line":277,"column":6},"end":{"line":277,"column":57}},"95":{"start":{"line":279,"column":6},"end":{"line":279,"column":40}},"96":{"start":{"line":280,"column":6},"end":{"line":280,"column":64}},"97":{"start":{"line":289,"column":4},"end":{"line":293,"column":5}},"98":{"start":{"line":290,"column":6},"end":{"line":290,"column":71}},"99":{"start":{"line":292,"column":6},"end":{"line":292,"column":28}},"100":{"start":{"line":55,"column":0},"end":{"line":55,"column":13}},"101":{"start":{"line":300,"column":11},"end":{"line":300,"column":68}},"102":{"start":{"line":307,"column":2},"end":{"line":307,"column":37}},"103":{"start":{"line":308,"column":2},"end":{"line":308,"column":75}},"104":{"start":{"line":309,"column":2},"end":{"line":309,"column":25}}},"fnMap":{"0":{"name":"contextString_check","decl":{"start":{"line":42,"column":9},"end":{"line":42,"column":28}},"loc":{"start":{"line":42,"column":44},"end":{"line":50,"column":1}}},"1":{"name":"(anonymous_2)","decl":{"start":{"line":69,"column":2},"end":{"line":69,"column":14}},"loc":{"start":{"line":69,"column":75},"end":{"line":73,"column":3}}},"2":{"name":"(anonymous_3)","decl":{"start":{"line":80,"column":2},"end":{"line":80,"column":6}},"loc":{"start":{"line":80,"column":66},"end":{"line":84,"column":3}}},"3":{"name":"(anonymous_4)","decl":{"start":{"line":91,"column":2},"end":{"line":91,"column":7}},"loc":{"start":{"line":91,"column":50},"end":{"line":131,"column":3}}},"4":{"name":"(anonymous_5)","decl":{"start":{"line":138,"column":2},"end":{"line":138,"column":7}},"loc":{"start":{"line":138,"column":35},"end":{"line":191,"column":3}}},"5":{"name":"(anonymous_6)","decl":{"start":{"line":198,"column":2},"end":{"line":198,"column":7}},"loc":{"start":{"line":198,"column":41},"end":{"line":203,"column":3}}},"6":{"name":"(anonymous_7)","decl":{"start":{"line":209,"column":2},"end":{"line":209,"column":7}},"loc":{"start":{"line":209,"column":20},"end":{"line":214,"column":3}}},"7":{"name":"(anonymous_8)","decl":{"start":{"line":220,"column":2},"end":{"line":220,"column":7}},"loc":{"start":{"line":220,"column":22},"end":{"line":229,"column":3}}},"8":{"name":"(anonymous_9)","decl":{"start":{"line":235,"column":2},"end":{"line":235,"column":7}},"loc":{"start":{"line":235,"column":18},"end":{"line":247,"column":3}}},"9":{"name":"(anonymous_10)","decl":{"start":{"line":253,"column":2},"end":{"line":253,"column":24}},"loc":{"start":{"line":253,"column":24},"end":{"line":255,"column":3}}},"10":{"name":"(anonymous_11)","decl":{"start":{"line":260,"column":2},"end":{"line":260,"column":7}},"loc":{"start":{"line":260,"column":25},"end":{"line":268,"column":3}}},"11":{"name":"(anonymous_12)","decl":{"start":{"line":275,"column":10},"end":{"line":275,"column":15}},"loc":{"start":{"line":275,"column":59},"end":{"line":282,"column":3}}},"12":{"name":"(anonymous_13)","decl":{"start":{"line":288,"column":10},"end":{"line":288,"column":15}},"loc":{"start":{"line":288,"column":26},"end":{"line":294,"column":3}}},"13":{"name":"chrisConnection_init","decl":{"start":{"line":306,"column":22},"end":{"line":306,"column":42}},"loc":{"start":{"line":306,"column":76},"end":{"line":310,"column":1}}}},"branchMap":{"0":{"loc":{"start":{"line":43,"column":2},"end":{"line":45,"column":3}},"type":"if","locations":[{"start":{"line":43,"column":2},"end":{"line":45,"column":3}}]},"1":{"loc":{"start":{"line":46,"column":2},"end":{"line":48,"column":3}},"type":"if","locations":[{"start":{"line":46,"column":2},"end":{"line":48,"column":3}}]},"2":{"loc":{"start":{"line":70,"column":4},"end":{"line":72,"column":5}},"type":"if","locations":[{"start":{"line":70,"column":4},"end":{"line":72,"column":5}}]},"3":{"loc":{"start":{"line":70,"column":8},"end":{"line":70,"column":33}},"type":"binary-expr","locations":[{"start":{"line":70,"column":8},"end":{"line":70,"column":14}},{"start":{"line":70,"column":18},"end":{"line":70,"column":33}}]},"4":{"loc":{"start":{"line":101,"column":6},"end":{"line":110,"column":7}},"type":"if","locations":[{"start":{"line":101,"column":6},"end":{"line":110,"column":7}},{"start":{"line":107,"column":13},"end":{"line":110,"column":7}}]},"5":{"loc":{"start":{"line":126,"column":6},"end":{"line":128,"column":7}},"type":"if","locations":[{"start":{"line":126,"column":6},"end":{"line":128,"column":7}}]},"6":{"loc":{"start":{"line":146,"column":4},"end":{"line":156,"column":5}},"type":"if","locations":[{"start":{"line":146,"column":4},"end":{"line":156,"column":5}}]},"7":{"loc":{"start":{"line":148,"column":8},"end":{"line":149,"column":79}},"type":"binary-expr","locations":[{"start":{"line":148,"column":8},"end":{"line":148,"column":14}},{"start":{"line":149,"column":9},"end":{"line":149,"column":78}}]},"8":{"loc":{"start":{"line":154,"column":8},"end":{"line":154,"column":38}},"type":"binary-expr","locations":[{"start":{"line":154,"column":8},"end":{"line":154,"column":25}},{"start":{"line":154,"column":29},"end":{"line":154,"column":38}}]},"9":{"loc":{"start":{"line":158,"column":4},"end":{"line":165,"column":5}},"type":"if","locations":[{"start":{"line":158,"column":4},"end":{"line":165,"column":5}}]},"10":{"loc":{"start":{"line":160,"column":8},"end":{"line":160,"column":87}},"type":"binary-expr","locations":[{"start":{"line":160,"column":8},"end":{"line":160,"column":14}},{"start":{"line":160,"column":19},"end":{"line":160,"column":86}}]},"11":{"loc":{"start":{"line":164,"column":36},"end":{"line":164,"column":51}},"type":"binary-expr","locations":[{"start":{"line":164,"column":36},"end":{"line":164,"column":45}},{"start":{"line":164,"column":49},"end":{"line":164,"column":51}}]},"12":{"loc":{"start":{"line":167,"column":4},"end":{"line":171,"column":5}},"type":"if","locations":[{"start":{"line":167,"column":4},"end":{"line":171,"column":5}}]},"13":{"loc":{"start":{"line":169,"column":8},"end":{"line":170,"column":83}},"type":"binary-expr","locations":[{"start":{"line":169,"column":8},"end":{"line":169,"column":14}},{"start":{"line":170,"column":9},"end":{"line":170,"column":82}}]},"14":{"loc":{"start":{"line":173,"column":4},"end":{"line":177,"column":5}},"type":"if","locations":[{"start":{"line":173,"column":4},"end":{"line":177,"column":5}}]},"15":{"loc":{"start":{"line":175,"column":8},"end":{"line":176,"column":79}},"type":"binary-expr","locations":[{"start":{"line":175,"column":8},"end":{"line":175,"column":14}},{"start":{"line":176,"column":9},"end":{"line":176,"column":78}}]},"16":{"loc":{"start":{"line":179,"column":4},"end":{"line":183,"column":5}},"type":"if","locations":[{"start":{"line":179,"column":4},"end":{"line":183,"column":5}}]},"17":{"loc":{"start":{"line":181,"column":8},"end":{"line":182,"column":83}},"type":"binary-expr","locations":[{"start":{"line":181,"column":8},"end":{"line":181,"column":14}},{"start":{"line":182,"column":9},"end":{"line":182,"column":82}}]},"18":{"loc":{"start":{"line":186,"column":4},"end":{"line":188,"column":5}},"type":"if","locations":[{"start":{"line":186,"column":4},"end":{"line":188,"column":5}}]},"19":{"loc":{"start":{"line":199,"column":4},"end":{"line":201,"column":5}},"type":"if","locations":[{"start":{"line":199,"column":4},"end":{"line":201,"column":5}}]},"20":{"loc":{"start":{"line":199,"column":8},"end":{"line":199,"column":36}},"type":"binary-expr","locations":[{"start":{"line":199,"column":8},"end":{"line":199,"column":23}},{"start":{"line":199,"column":27},"end":{"line":199,"column":36}}]},"21":{"loc":{"start":{"line":210,"column":4},"end":{"line":212,"column":5}},"type":"if","locations":[{"start":{"line":210,"column":4},"end":{"line":212,"column":5}}]},"22":{"loc":{"start":{"line":225,"column":4},"end":{"line":227,"column":5}},"type":"if","locations":[{"start":{"line":225,"column":4},"end":{"line":227,"column":5}}]},"23":{"loc":{"start":{"line":225,"column":8},"end":{"line":225,"column":39}},"type":"binary-expr","locations":[{"start":{"line":225,"column":8},"end":{"line":225,"column":21}},{"start":{"line":225,"column":25},"end":{"line":225,"column":39}}]},"24":{"loc":{"start":{"line":236,"column":4},"end":{"line":245,"column":5}},"type":"if","locations":[{"start":{"line":236,"column":4},"end":{"line":245,"column":5}}]},"25":{"loc":{"start":{"line":237,"column":6},"end":{"line":240,"column":20}},"type":"binary-expr","locations":[{"start":{"line":237,"column":7},"end":{"line":237,"column":33}},{"start":{"line":238,"column":7},"end":{"line":238,"column":32}},{"start":{"line":239,"column":6},"end":{"line":239,"column":19}},{"start":{"line":240,"column":6},"end":{"line":240,"column":20}}]},"26":{"loc":{"start":{"line":242,"column":6},"end":{"line":244,"column":7}},"type":"if","locations":[{"start":{"line":242,"column":6},"end":{"line":244,"column":7}}]},"27":{"loc":{"start":{"line":277,"column":45},"end":{"line":277,"column":55}},"type":"binary-expr","locations":[{"start":{"line":277,"column":45},"end":{"line":277,"column":49}},{"start":{"line":277,"column":53},"end":{"line":277,"column":55}}]}},"s":{"0":1,"1":1,"2":1,"3":1,"4":1,"5":0,"6":0,"7":0,"8":0,"9":0,"10":1,"11":1,"12":1,"13":1,"14":1,"15":0,"16":0,"17":0,"18":0,"19":0,"20":0,"21":0,"22":0,"23":0,"24":0,"25":0,"26":0,"27":0,"28":0,"29":0,"30":0,"31":0,"32":0,"33":0,"34":0,"35":0,"36":0,"37":0,"38":0,"39":0,"40":0,"41":0,"42":0,"43":0,"44":0,"45":0,"46":0,"47":0,"48":0,"49":0,"50":0,"51":0,"52":0,"53":0,"54":0,"55":0,"56":0,"57":0,"58":0,"59":0,"60":0,"61":0,"62":0,"63":0,"64":0,"65":0,"66":0,"67":0,"68":0,"69":0,"70":0,"71":0,"72":0,"73":0,"74":0,"75":0,"76":0,"77":0,"78":0,"79":0,"80":0,"81":0,"82":0,"83":0,"84":0,"85":0,"86":0,"87":0,"88":0,"89":0,"90":0,"91":0,"92":0,"93":0,"94":0,"95":0,"96":0,"97":0,"98":0,"99":0,"100":1,"101":1,"102":0,"103":0,"104":0},"f":{"0":0,"1":1,"2":0,"3":0,"4":0,"5":0,"6":0,"7":0,"8":0,"9":0,"10":0,"11":0,"12":0,"13":0},"b":{"0":[0],"1":[0],"2":[0],"3":[1,0],"4":[0,0],"5":[0],"6":[0],"7":[0,0],"8":[0,0],"9":[0],"10":[0,0],"11":[0,0],"12":[0],"13":[0,0],"14":[0],"15":[0,0],"16":[0],"17":[0,0],"18":[0],"19":[0],"20":[0,0],"21":[0],"22":[0],"23":[0,0],"24":[0],"25":[0,0,0,0],"26":[0],"27":[0,0]}}
,"/home/rudolph/src/tui/cumin/src/context/chrisContext.ts": {"path":"/home/rudolph/src/tui/cumin/src/context/chrisContext.ts","statementMap":{"0":{"start":{"line":72,"column":0},"end":{"line":72,"column":7}},"1":{"start":{"line":11,"column":0},"end":{"line":11,"column":83}},"2":{"start":{"line":12,"column":0},"end":{"line":12,"column":29}},"3":{"start":{"line":14,"column":0},"end":{"line":14,"column":57}},"4":{"start":{"line":19,"column":0},"end":{"line":19,"column":null}},"5":{"start":{"line":20,"column":2},"end":{"line":20,"column":null}},"6":{"start":{"line":21,"column":2},"end":{"line":21,"column":null}},"7":{"start":{"line":22,"column":2},"end":{"line":22,"column":null}},"8":{"start":{"line":23,"column":2},"end":{"line":23,"column":null}},"9":{"start":{"line":24,"column":2},"end":{"line":24,"column":null}},"10":{"start":{"line":75,"column":32},"end":{"line":82,"column":4}},"11":{"start":{"line":85,"column":16},"end":{"line":85,"column":30}},"12":{"start":{"line":86,"column":2},"end":{"line":89,"column":3}},"13":{"start":{"line":87,"column":4},"end":{"line":87,"column":27}},"14":{"start":{"line":88,"column":4},"end":{"line":88,"column":19}},"15":{"start":{"line":92,"column":19},"end":{"line":92,"column":50}},"16":{"start":{"line":93,"column":2},"end":{"line":95,"column":3}},"17":{"start":{"line":94,"column":4},"end":{"line":94,"column":29}},"18":{"start":{"line":98,"column":22},"end":{"line":98,"column":39}},"19":{"start":{"line":99,"column":2},"end":{"line":118,"column":3}},"20":{"start":{"line":100,"column":24},"end":{"line":100,"column":56}},"21":{"start":{"line":102,"column":4},"end":{"line":102,"column":46}},"22":{"start":{"line":103,"column":4},"end":{"line":103,"column":42}},"23":{"start":{"line":106,"column":4},"end":{"line":115,"column":5}},"24":{"start":{"line":107,"column":6},"end":{"line":114,"column":7}},"25":{"start":{"line":108,"column":8},"end":{"line":112,"column":9}},"26":{"start":{"line":109,"column":10},"end":{"line":109,"column":55}},"27":{"start":{"line":111,"column":10},"end":{"line":111,"column":32}},"28":{"start":{"line":113,"column":8},"end":{"line":113,"column":14}},"29":{"start":{"line":119,"column":2},"end":{"line":119,"column":16}},"30":{"start":{"line":129,"column":30},"end":{"line":129,"column":47}},"31":{"start":{"line":130,"column":32},"end":{"line":131,"column":null}},"32":{"start":{"line":133,"column":2},"end":{"line":137,"column":3}},"33":{"start":{"line":134,"column":23},"end":{"line":134,"column":44}},"34":{"start":{"line":135,"column":23},"end":{"line":135,"column":36}},"35":{"start":{"line":136,"column":4},"end":{"line":136,"column":14}},"36":{"start":{"line":138,"column":2},"end":{"line":138,"column":14}},"37":{"start":{"line":161,"column":4},"end":{"line":161,"column":31}},"38":{"start":{"line":145,"column":10},"end":{"line":149,"column":4}},"39":{"start":{"line":151,"column":10},"end":{"line":158,"column":4}},"40":{"start":{"line":174,"column":30},"end":{"line":174,"column":64}},"41":{"start":{"line":175,"column":20},"end":{"line":175,"column":52}},"42":{"start":{"line":177,"column":4},"end":{"line":179,"column":5}},"43":{"start":{"line":178,"column":6},"end":{"line":178,"column":13}},"44":{"start":{"line":181,"column":18},"end":{"line":181,"column":50}},"45":{"start":{"line":182,"column":28},"end":{"line":182,"column":30}},"46":{"start":{"line":184,"column":4},"end":{"line":188,"column":5}},"47":{"start":{"line":185,"column":6},"end":{"line":187,"column":7}},"48":{"start":{"line":186,"column":8},"end":{"line":186,"column":25}},"49":{"start":{"line":190,"column":4},"end":{"line":190,"column":82}},"50":{"start":{"line":191,"column":38},"end":{"line":191,"column":84}},"51":{"start":{"line":192,"column":4},"end":{"line":192,"column":45}},"52":{"start":{"line":194,"column":4},"end":{"line":232,"column":5}},"53":{"start":{"line":195,"column":6},"end":{"line":195,"column":68}},"54":{"start":{"line":196,"column":30},"end":{"line":196,"column":56}},"55":{"start":{"line":197,"column":27},"end":{"line":199,"column":null}},"56":{"start":{"line":201,"column":6},"end":{"line":203,"column":7}},"57":{"start":{"line":202,"column":8},"end":{"line":202,"column":83}},"58":{"start":{"line":205,"column":6},"end":{"line":205,"column":53}},"59":{"start":{"line":205,"column":44},"end":{"line":205,"column":53}},"60":{"start":{"line":207,"column":24},"end":{"line":207,"column":54}},"61":{"start":{"line":208,"column":32},"end":{"line":208,"column":34}},"62":{"start":{"line":210,"column":6},"end":{"line":214,"column":7}},"63":{"start":{"line":211,"column":10},"end":{"line":213,"column":11}},"64":{"start":{"line":212,"column":14},"end":{"line":212,"column":33}},"65":{"start":{"line":216,"column":6},"end":{"line":231,"column":7}},"66":{"start":{"line":218,"column":10},"end":{"line":219,"column":27}},"67":{"start":{"line":221,"column":8},"end":{"line":230,"column":10}},"68":{"start":{"line":240,"column":4},"end":{"line":240,"column":28}},"69":{"start":{"line":244,"column":4},"end":{"line":244,"column":52}},"70":{"start":{"line":248,"column":4},"end":{"line":248,"column":52}},"71":{"start":{"line":252,"column":4},"end":{"line":252,"column":43}},"72":{"start":{"line":256,"column":4},"end":{"line":256,"column":43}},"73":{"start":{"line":260,"column":4},"end":{"line":260,"column":47}},"74":{"start":{"line":264,"column":4},"end":{"line":264,"column":49}},"75":{"start":{"line":268,"column":4},"end":{"line":268,"column":53}},"76":{"start":{"line":272,"column":4},"end":{"line":272,"column":45}},"77":{"start":{"line":276,"column":4},"end":{"line":276,"column":43}},"78":{"start":{"line":280,"column":4},"end":{"line":280,"column":56}},"79":{"start":{"line":281,"column":4},"end":{"line":281,"column":58}},"80":{"start":{"line":282,"column":4},"end":{"line":282,"column":62}},"81":{"start":{"line":283,"column":4},"end":{"line":283,"column":58}},"82":{"start":{"line":284,"column":4},"end":{"line":284,"column":62}},"83":{"start":{"line":285,"column":4},"end":{"line":285,"column":31}},"84":{"start":{"line":294,"column":4},"end":{"line":294,"column":39}},"85":{"start":{"line":295,"column":4},"end":{"line":306,"column":5}},"86":{"start":{"line":297,"column":8},"end":{"line":297,"column":39}},"87":{"start":{"line":299,"column":8},"end":{"line":299,"column":40}},"88":{"start":{"line":301,"column":8},"end":{"line":301,"column":42}},"89":{"start":{"line":303,"column":8},"end":{"line":303,"column":40}},"90":{"start":{"line":305,"column":8},"end":{"line":305,"column":42}},"91":{"start":{"line":307,"column":4},"end":{"line":307,"column":16}},"92":{"start":{"line":317,"column":26},"end":{"line":317,"column":31}},"93":{"start":{"line":318,"column":4},"end":{"line":318,"column":39}},"94":{"start":{"line":319,"column":4},"end":{"line":340,"column":5}},"95":{"start":{"line":321,"column":8},"end":{"line":321,"column":41}},"96":{"start":{"line":322,"column":8},"end":{"line":322,"column":69}},"97":{"start":{"line":323,"column":8},"end":{"line":323,"column":14}},"98":{"start":{"line":325,"column":8},"end":{"line":325,"column":40}},"99":{"start":{"line":326,"column":8},"end":{"line":326,"column":69}},"100":{"start":{"line":327,"column":8},"end":{"line":327,"column":14}},"101":{"start":{"line":329,"column":8},"end":{"line":329,"column":43}},"102":{"start":{"line":330,"column":8},"end":{"line":330,"column":51}},"103":{"start":{"line":331,"column":8},"end":{"line":331,"column":14}},"104":{"start":{"line":333,"column":8},"end":{"line":333,"column":41}},"105":{"start":{"line":334,"column":8},"end":{"line":334,"column":49}},"106":{"start":{"line":335,"column":8},"end":{"line":335,"column":14}},"107":{"start":{"line":337,"column":8},"end":{"line":337,"column":43}},"108":{"start":{"line":338,"column":8},"end":{"line":338,"column":51}},"109":{"start":{"line":339,"column":8},"end":{"line":339,"column":14}},"110":{"start":{"line":341,"column":4},"end":{"line":341,"column":42}},"111":{"start":{"line":342,"column":4},"end":{"line":342,"column":31}},"112":{"start":{"line":343,"column":4},"end":{"line":343,"column":18}},"113":{"start":{"line":144,"column":0},"end":{"line":144,"column":13}},"114":{"start":{"line":350,"column":13},"end":{"line":350,"column":61}}},"fnMap":{"0":{"name":"(anonymous_9)","decl":{"start":{"line":19,"column":0},"end":{"line":19,"column":12}},"loc":{"start":{"line":19,"column":19},"end":{"line":25,"column":1}}},"1":{"name":"chrisContextURL_parse","decl":{"start":{"line":72,"column":22},"end":{"line":72,"column":43}},"loc":{"start":{"line":73,"column":13},"end":{"line":120,"column":1}}},"2":{"name":"searchable_toID","decl":{"start":{"line":128,"column":15},"end":{"line":128,"column":30}},"loc":{"start":{"line":128,"column":49},"end":{"line":139,"column":1}}},"3":{"name":"(anonymous_12)","decl":{"start":{"line":160,"column":2},"end":{"line":160,"column":6}},"loc":{"start":{"line":160,"column":19},"end":{"line":162,"column":3}}},"4":{"name":"(anonymous_13)","decl":{"start":{"line":164,"column":2},"end":{"line":164,"column":null}},"loc":{"start":{"line":164,"column":2},"end":{"line":168,"column":3}}},"5":{"name":"(anonymous_14)","decl":{"start":{"line":173,"column":2},"end":{"line":173,"column":7}},"loc":{"start":{"line":173,"column":12},"end":{"line":233,"column":3}}},"6":{"name":"(anonymous_15)","decl":{"start":{"line":239,"column":2},"end":{"line":239,"column":17}},"loc":{"start":{"line":239,"column":17},"end":{"line":241,"column":3}}},"7":{"name":"(anonymous_16)","decl":{"start":{"line":243,"column":2},"end":{"line":243,"column":7}},"loc":{"start":{"line":243,"column":20},"end":{"line":245,"column":3}}},"8":{"name":"(anonymous_17)","decl":{"start":{"line":247,"column":2},"end":{"line":247,"column":7}},"loc":{"start":{"line":247,"column":21},"end":{"line":249,"column":3}}},"9":{"name":"(anonymous_18)","decl":{"start":{"line":251,"column":2},"end":{"line":251,"column":7}},"loc":{"start":{"line":251,"column":23},"end":{"line":253,"column":3}}},"10":{"name":"(anonymous_19)","decl":{"start":{"line":255,"column":2},"end":{"line":255,"column":7}},"loc":{"start":{"line":255,"column":21},"end":{"line":257,"column":3}}},"11":{"name":"(anonymous_20)","decl":{"start":{"line":259,"column":2},"end":{"line":259,"column":7}},"loc":{"start":{"line":259,"column":36},"end":{"line":261,"column":3}}},"12":{"name":"(anonymous_21)","decl":{"start":{"line":263,"column":2},"end":{"line":263,"column":7}},"loc":{"start":{"line":263,"column":36},"end":{"line":265,"column":3}}},"13":{"name":"(anonymous_22)","decl":{"start":{"line":267,"column":2},"end":{"line":267,"column":7}},"loc":{"start":{"line":267,"column":40},"end":{"line":269,"column":3}}},"14":{"name":"(anonymous_23)","decl":{"start":{"line":271,"column":2},"end":{"line":271,"column":7}},"loc":{"start":{"line":271,"column":23},"end":{"line":273,"column":3}}},"15":{"name":"(anonymous_24)","decl":{"start":{"line":275,"column":2},"end":{"line":275,"column":7}},"loc":{"start":{"line":275,"column":22},"end":{"line":277,"column":3}}},"16":{"name":"(anonymous_25)","decl":{"start":{"line":279,"column":2},"end":{"line":279,"column":7}},"loc":{"start":{"line":279,"column":29},"end":{"line":286,"column":3}}},"17":{"name":"(anonymous_26)","decl":{"start":{"line":293,"column":2},"end":{"line":293,"column":7}},"loc":{"start":{"line":293,"column":36},"end":{"line":308,"column":3}}},"18":{"name":"(anonymous_27)","decl":{"start":{"line":316,"column":2},"end":{"line":316,"column":7}},"loc":{"start":{"line":316,"column":51},"end":{"line":344,"column":3}}}},"branchMap":{"0":{"loc":{"start":{"line":19,"column":12},"end":{"line":19,"column":null}},"type":"binary-expr","locations":[{"start":{"line":19,"column":12},"end":{"line":19,"column":19}},{"start":{"line":19,"column":19},"end":{"line":19,"column":null}}]},"1":{"loc":{"start":{"line":86,"column":2},"end":{"line":89,"column":3}},"type":"if","locations":[{"start":{"line":86,"column":2},"end":{"line":89,"column":3}}]},"2":{"loc":{"start":{"line":93,"column":2},"end":{"line":95,"column":3}},"type":"if","locations":[{"start":{"line":93,"column":2},"end":{"line":95,"column":3}}]},"3":{"loc":{"start":{"line":99,"column":2},"end":{"line":118,"column":3}},"type":"if","locations":[{"start":{"line":99,"column":2},"end":{"line":118,"column":3}}]},"4":{"loc":{"start":{"line":107,"column":6},"end":{"line":114,"column":7}},"type":"if","locations":[{"start":{"line":107,"column":6},"end":{"line":114,"column":7}}]},"5":{"loc":{"start":{"line":108,"column":8},"end":{"line":112,"column":9}},"type":"if","locations":[{"start":{"line":108,"column":8},"end":{"line":112,"column":9}},{"start":{"line":110,"column":15},"end":{"line":112,"column":9}}]},"6":{"loc":{"start":{"line":133,"column":2},"end":{"line":137,"column":3}},"type":"if","locations":[{"start":{"line":133,"column":2},"end":{"line":137,"column":3}}]},"7":{"loc":{"start":{"line":177,"column":4},"end":{"line":179,"column":5}},"type":"if","locations":[{"start":{"line":177,"column":4},"end":{"line":179,"column":5}}]},"8":{"loc":{"start":{"line":185,"column":6},"end":{"line":187,"column":7}},"type":"if","locations":[{"start":{"line":185,"column":6},"end":{"line":187,"column":7}}]},"9":{"loc":{"start":{"line":201,"column":6},"end":{"line":203,"column":7}},"type":"if","locations":[{"start":{"line":201,"column":6},"end":{"line":203,"column":7}}]},"10":{"loc":{"start":{"line":205,"column":6},"end":{"line":205,"column":53}},"type":"if","locations":[{"start":{"line":205,"column":6},"end":{"line":205,"column":53}}]},"11":{"loc":{"start":{"line":211,"column":10},"end":{"line":213,"column":11}},"type":"if","locations":[{"start":{"line":211,"column":10},"end":{"line":213,"column":11}}]},"12":{"loc":{"start":{"line":295,"column":4},"end":{"line":306,"column":5}},"type":"switch","locations":[{"start":{"line":296,"column":6},"end":{"line":297,"column":39}},{"start":{"line":298,"column":6},"end":{"line":299,"column":40}},{"start":{"line":300,"column":6},"end":{"line":301,"column":42}},{"start":{"line":302,"column":6},"end":{"line":303,"column":40}},{"start":{"line":304,"column":6},"end":{"line":305,"column":42}}]},"13":{"loc":{"start":{"line":319,"column":4},"end":{"line":340,"column":5}},"type":"switch","locations":[{"start":{"line":320,"column":6},"end":{"line":323,"column":14}},{"start":{"line":324,"column":6},"end":{"line":327,"column":14}},{"start":{"line":328,"column":6},"end":{"line":331,"column":14}},{"start":{"line":332,"column":6},"end":{"line":335,"column":14}},{"start":{"line":336,"column":6},"end":{"line":339,"column":14}}]}},"s":{"0":1,"1":1,"2":1,"3":1,"4":1,"5":1,"6":1,"7":1,"8":1,"9":1,"10":0,"11":0,"12":0,"13":0,"14":0,"15":0,"16":0,"17":0,"18":0,"19":0,"20":0,"21":0,"22":0,"23":0,"24":0,"25":0,"26":0,"27":0,"28":0,"29":0,"30":0,"31":0,"32":0,"33":0,"34":0,"35":0,"36":0,"37":0,"38":1,"39":1,"40":0,"41":0,"42":0,"43":0,"44":0,"45":0,"46":0,"47":0,"48":0,"49":0,"50":0,"51":0,"52":0,"53":0,"54":0,"55":0,"56":0,"57":0,"58":0,"59":0,"60":0,"61":0,"62":0,"63":0,"64":0,"65":0,"66":0,"67":0,"68":0,"69":0,"70":0,"71":0,"72":0,"73":0,"74":0,"75":0,"76":0,"77":0,"78":0,"79":0,"80":0,"81":0,"82":0,"83":0,"84":0,"85":0,"86":0,"87":0,"88":0,"89":0,"90":0,"91":0,"92":0,"93":0,"94":0,"95":0,"96":0,"97":0,"98":0,"99":0,"100":0,"101":0,"102":0,"103":0,"104":0,"105":0,"106":0,"107":0,"108":0,"109":0,"110":0,"111":0,"112":0,"113":1,"114":1},"f":{"0":1,"1":0,"2":0,"3":0,"4":1,"5":0,"6":0,"7":0,"8":0,"9":0,"10":0,"11":0,"12":0,"13":0,"14":0,"15":0,"16":0,"17":0,"18":0},"b":{"0":[1,1],"1":[0],"2":[0],"3":[0],"4":[0],"5":[0,0],"6":[0],"7":[0],"8":[0],"9":[0],"10":[0],"11":[0],"12":[0,0,0,0,0],"13":[0,0,0,0,0]}}
,"/home/rudolph/src/tui/cumin/src/error/errorStack.ts": {"path":"/home/rudolph/src/tui/cumin/src/error/errorStack.ts","statementMap":{"0":{"start":{"line":201,"column":0},"end":{"line":201,"column":16}},"1":{"start":{"line":211,"column":0},"end":{"line":211,"column":16}},"2":{"start":{"line":29,"column":2},"end":{"line":31,"column":3}},"3":{"start":{"line":30,"column":4},"end":{"line":30,"column":48}},"4":{"start":{"line":32,"column":2},"end":{"line":32,"column":28}},"5":{"start":{"line":42,"column":16},"end":{"line":42,"column":27}},"6":{"start":{"line":43,"column":16},"end":{"line":43,"column":40}},"7":{"start":{"line":45,"column":2},"end":{"line":47,"column":3}},"8":{"start":{"line":46,"column":4},"end":{"line":46,"column":30}},"9":{"start":{"line":49,"column":21},"end":{"line":49,"column":29}},"10":{"start":{"line":50,"column":28},"end":{"line":50,"column":69}},"11":{"start":{"line":52,"column":2},"end":{"line":52,"column":73}},"12":{"start":{"line":61,"column":10},"end":{"line":61,"column":37}},"13":{"start":{"line":65,"column":4},"end":{"line":65,"column":67}},"14":{"start":{"line":75,"column":4},"end":{"line":77,"column":5}},"15":{"start":{"line":76,"column":6},"end":{"line":76,"column":52}},"16":{"start":{"line":78,"column":4},"end":{"line":78,"column":31}},"17":{"start":{"line":90,"column":25},"end":{"line":90,"column":49}},"18":{"start":{"line":91,"column":31},"end":{"line":93,"column":null}},"19":{"start":{"line":95,"column":28},"end":{"line":95,"column":66}},"20":{"start":{"line":96,"column":4},"end":{"line":96,"column":56}},"21":{"start":{"line":105,"column":4},"end":{"line":105,"column":28}},"22":{"start":{"line":115,"column":4},"end":{"line":115,"column":27}},"23":{"start":{"line":119,"column":4},"end":{"line":123,"column":54}},"24":{"start":{"line":121,"column":8},"end":{"line":121,"column":68}},"25":{"start":{"line":123,"column":21},"end":{"line":123,"column":52}},"26":{"start":{"line":133,"column":4},"end":{"line":135,"column":35}},"27":{"start":{"line":134,"column":24},"end":{"line":134,"column":42}},"28":{"start":{"line":135,"column":21},"end":{"line":135,"column":33}},"29":{"start":{"line":146,"column":4},"end":{"line":152,"column":35}},"30":{"start":{"line":149,"column":10},"end":{"line":150,"column":70}},"31":{"start":{"line":152,"column":21},"end":{"line":152,"column":33}},"32":{"start":{"line":159,"column":4},"end":{"line":159,"column":20}},"33":{"start":{"line":168,"column":4},"end":{"line":168,"column":65}},"34":{"start":{"line":168,"column":45},"end":{"line":168,"column":63}},"35":{"start":{"line":177,"column":4},"end":{"line":177,"column":33}},"36":{"start":{"line":187,"column":4},"end":{"line":187,"column":57}},"37":{"start":{"line":187,"column":37},"end":{"line":187,"column":55}},"38":{"start":{"line":194,"column":13},"end":{"line":194,"column":80}},"39":{"start":{"line":202,"column":2},"end":{"line":202,"column":35}},"40":{"start":{"line":212,"column":2},"end":{"line":212,"column":40}}},"fnMap":{"0":{"name":"padRight","decl":{"start":{"line":28,"column":9},"end":{"line":28,"column":17}},"loc":{"start":{"line":28,"column":45},"end":{"line":33,"column":1}}},"1":{"name":"getCurrentFunctionName","decl":{"start":{"line":41,"column":9},"end":{"line":41,"column":31}},"loc":{"start":{"line":41,"column":31},"end":{"line":53,"column":1}}},"2":{"name":"(anonymous_2)","decl":{"start":{"line":64,"column":2},"end":{"line":64,"column":22}},"loc":{"start":{"line":64,"column":53},"end":{"line":66,"column":3}}},"3":{"name":"(anonymous_3)","decl":{"start":{"line":74,"column":9},"end":{"line":74,"column":15}},"loc":{"start":{"line":74,"column":56},"end":{"line":79,"column":3}}},"4":{"name":"(anonymous_4)","decl":{"start":{"line":89,"column":9},"end":{"line":89,"column":19}},"loc":{"start":{"line":89,"column":54},"end":{"line":97,"column":3}}},"5":{"name":"(anonymous_5)","decl":{"start":{"line":104,"column":9},"end":{"line":104,"column":18}},"loc":{"start":{"line":104,"column":18},"end":{"line":106,"column":3}}},"6":{"name":"(anonymous_6)","decl":{"start":{"line":114,"column":9},"end":{"line":114,"column":21}},"loc":{"start":{"line":114,"column":21},"end":{"line":116,"column":3}}},"7":{"name":"(anonymous_7)","decl":{"start":{"line":118,"column":9},"end":{"line":118,"column":21}},"loc":{"start":{"line":118,"column":39},"end":{"line":124,"column":3}}},"8":{"name":"(anonymous_8)","decl":{"start":{"line":120,"column":14},"end":{"line":120,"column":15}},"loc":{"start":{"line":121,"column":8},"end":{"line":121,"column":68}}},"9":{"name":"(anonymous_9)","decl":{"start":{"line":123,"column":11},"end":{"line":123,"column":12}},"loc":{"start":{"line":123,"column":21},"end":{"line":123,"column":52}}},"10":{"name":"(anonymous_10)","decl":{"start":{"line":132,"column":9},"end":{"line":132,"column":22}},"loc":{"start":{"line":132,"column":40},"end":{"line":136,"column":3}}},"11":{"name":"(anonymous_11)","decl":{"start":{"line":134,"column":14},"end":{"line":134,"column":15}},"loc":{"start":{"line":134,"column":24},"end":{"line":134,"column":42}}},"12":{"name":"(anonymous_12)","decl":{"start":{"line":135,"column":11},"end":{"line":135,"column":12}},"loc":{"start":{"line":135,"column":21},"end":{"line":135,"column":33}}},"13":{"name":"(anonymous_13)","decl":{"start":{"line":145,"column":9},"end":{"line":145,"column":30}},"loc":{"start":{"line":145,"column":67},"end":{"line":153,"column":3}}},"14":{"name":"(anonymous_14)","decl":{"start":{"line":148,"column":8},"end":{"line":148,"column":9}},"loc":{"start":{"line":149,"column":10},"end":{"line":150,"column":70}}},"15":{"name":"(anonymous_15)","decl":{"start":{"line":152,"column":11},"end":{"line":152,"column":12}},"loc":{"start":{"line":152,"column":21},"end":{"line":152,"column":33}}},"16":{"name":"(anonymous_16)","decl":{"start":{"line":158,"column":9},"end":{"line":158,"column":20}},"loc":{"start":{"line":158,"column":20},"end":{"line":160,"column":3}}},"17":{"name":"(anonymous_17)","decl":{"start":{"line":167,"column":9},"end":{"line":167,"column":19}},"loc":{"start":{"line":167,"column":37},"end":{"line":169,"column":3}}},"18":{"name":"(anonymous_18)","decl":{"start":{"line":168,"column":35},"end":{"line":168,"column":36}},"loc":{"start":{"line":168,"column":45},"end":{"line":168,"column":63}}},"19":{"name":"(anonymous_19)","decl":{"start":{"line":176,"column":9},"end":{"line":176,"column":21}},"loc":{"start":{"line":176,"column":21},"end":{"line":178,"column":3}}},"20":{"name":"(anonymous_20)","decl":{"start":{"line":186,"column":9},"end":{"line":186,"column":27}},"loc":{"start":{"line":186,"column":45},"end":{"line":188,"column":3}}},"21":{"name":"(anonymous_21)","decl":{"start":{"line":187,"column":27},"end":{"line":187,"column":28}},"loc":{"start":{"line":187,"column":37},"end":{"line":187,"column":55}}},"22":{"name":"errorStack_configure","decl":{"start":{"line":201,"column":16},"end":{"line":201,"column":36}},"loc":{"start":{"line":201,"column":63},"end":{"line":203,"column":1}}},"23":{"name":"errorStack_getAllOfType","decl":{"start":{"line":211,"column":16},"end":{"line":211,"column":39}},"loc":{"start":{"line":211,"column":57},"end":{"line":213,"column":1}}}},"branchMap":{"0":{"loc":{"start":{"line":29,"column":2},"end":{"line":31,"column":3}},"type":"if","locations":[{"start":{"line":29,"column":2},"end":{"line":31,"column":3}}]},"1":{"loc":{"start":{"line":45,"column":2},"end":{"line":47,"column":3}},"type":"if","locations":[{"start":{"line":45,"column":2},"end":{"line":47,"column":3}}]},"2":{"loc":{"start":{"line":45,"column":6},"end":{"line":45,"column":32}},"type":"binary-expr","locations":[{"start":{"line":45,"column":6},"end":{"line":45,"column":12}},{"start":{"line":45,"column":16},"end":{"line":45,"column":32}}]},"3":{"loc":{"start":{"line":52,"column":9},"end":{"line":52,"column":72}},"type":"cond-expr","locations":[{"start":{"line":52,"column":29},"end":{"line":52,"column":49}},{"start":{"line":52,"column":52},"end":{"line":52,"column":72}}]},"4":{"loc":{"start":{"line":64,"column":22},"end":{"line":64,"column":53}},"type":"default-arg","locations":[{"start":{"line":64,"column":51},"end":{"line":64,"column":53}}]},"5":{"loc":{"start":{"line":65,"column":32},"end":{"line":65,"column":66}},"type":"binary-expr","locations":[{"start":{"line":65,"column":32},"end":{"line":65,"column":60}},{"start":{"line":65,"column":64},"end":{"line":65,"column":66}}]},"6":{"loc":{"start":{"line":75,"column":4},"end":{"line":77,"column":5}},"type":"if","locations":[{"start":{"line":75,"column":4},"end":{"line":77,"column":5}}]},"7":{"loc":{"start":{"line":149,"column":10},"end":{"line":150,"column":70}},"type":"binary-expr","locations":[{"start":{"line":149,"column":10},"end":{"line":149,"column":28}},{"start":{"line":150,"column":10},"end":{"line":150,"column":70}}]}},"s":{"0":2,"1":2,"2":15,"3":0,"4":15,"5":15,"6":15,"7":15,"8":0,"9":15,"10":15,"11":15,"12":2,"13":2,"14":5,"15":2,"16":5,"17":15,"18":15,"19":15,"20":15,"21":2,"22":5,"23":1,"24":2,"25":1,"26":3,"27":5,"28":3,"29":0,"30":0,"31":0,"32":12,"33":1,"34":3,"35":2,"36":2,"37":2,"38":2,"39":3,"40":0},"f":{"0":15,"1":15,"2":2,"3":5,"4":15,"5":2,"6":5,"7":1,"8":2,"9":1,"10":3,"11":5,"12":3,"13":0,"14":0,"15":0,"16":12,"17":1,"18":3,"19":2,"20":2,"21":2,"22":3,"23":0},"b":{"0":[0],"1":[0],"2":[15,15],"3":[15,0],"4":[0],"5":[2,0],"6":[2],"7":[0,0]}}
,"/home/rudolph/src/tui/cumin/src/feeds/chrisFeed.ts": {"path":"/home/rudolph/src/tui/cumin/src/feeds/chrisFeed.ts","statementMap":{"0":{"start":{"line":14,"column":0},"end":{"line":14,"column":64}},"1":{"start":{"line":15,"column":0},"end":{"line":15,"column":null}},"2":{"start":{"line":19,"column":0},"end":{"line":19,"column":72}},"3":{"start":{"line":20,"column":0},"end":{"line":20,"column":57}},"4":{"start":{"line":21,"column":0},"end":{"line":21,"column":null}},"5":{"start":{"line":26,"column":0},"end":{"line":26,"column":52}},"6":{"start":{"line":33,"column":4},"end":{"line":33,"column":31}},"7":{"start":{"line":31,"column":0},"end":{"line":31,"column":13}},"8":{"start":{"line":41,"column":10},"end":{"line":41,"column":40}},"9":{"start":{"line":52,"column":4},"end":{"line":54,"column":5}},"10":{"start":{"line":53,"column":6},"end":{"line":53,"column":56}},"11":{"start":{"line":55,"column":4},"end":{"line":55,"column":24}},"12":{"start":{"line":59,"column":4},"end":{"line":63,"column":5}},"13":{"start":{"line":60,"column":6},"end":{"line":60,"column":76}},"14":{"start":{"line":62,"column":6},"end":{"line":62,"column":84}},"15":{"start":{"line":64,"column":4},"end":{"line":64,"column":16}},"16":{"start":{"line":71,"column":4},"end":{"line":73,"column":5}},"17":{"start":{"line":72,"column":6},"end":{"line":72,"column":18}},"18":{"start":{"line":74,"column":30},"end":{"line":74,"column":60}},"19":{"start":{"line":75,"column":4},"end":{"line":77,"column":5}},"20":{"start":{"line":76,"column":6},"end":{"line":76,"column":18}},"21":{"start":{"line":78,"column":44},"end":{"line":80,"column":null}},"22":{"start":{"line":82,"column":4},"end":{"line":84,"column":5}},"23":{"start":{"line":83,"column":6},"end":{"line":83,"column":18}},"24":{"start":{"line":85,"column":4},"end":{"line":85,"column":47}},"25":{"start":{"line":86,"column":4},"end":{"line":86,"column":22}},"26":{"start":{"line":93,"column":19},"end":{"line":93,"column":42}},"27":{"start":{"line":94,"column":4},"end":{"line":99,"column":5}},"28":{"start":{"line":95,"column":6},"end":{"line":97,"column":8}},"29":{"start":{"line":98,"column":6},"end":{"line":98,"column":18}},"30":{"start":{"line":101,"column":4},"end":{"line":124,"column":5}},"31":{"start":{"line":102,"column":39},"end":{"line":102,"column":56}},"32":{"start":{"line":103,"column":43},"end":{"line":104,"column":null}},"33":{"start":{"line":106,"column":6},"end":{"line":112,"column":7}},"34":{"start":{"line":107,"column":8},"end":{"line":110,"column":10}},"35":{"start":{"line":111,"column":8},"end":{"line":111,"column":20}},"36":{"start":{"line":113,"column":31},"end":{"line":113,"column":59}},"37":{"start":{"line":114,"column":51},"end":{"line":116,"column":null}},"38":{"start":{"line":118,"column":6},"end":{"line":121,"column":8}},"39":{"start":{"line":123,"column":6},"end":{"line":123,"column":54}},"40":{"start":{"line":125,"column":4},"end":{"line":129,"column":7}},"41":{"start":{"line":40,"column":0},"end":{"line":40,"column":13}}},"fnMap":{"0":{"name":"(anonymous_0)","decl":{"start":{"line":32,"column":2},"end":{"line":32,"column":null}},"loc":{"start":{"line":32,"column":2},"end":{"line":34,"column":3}}},"1":{"name":"(anonymous_1)","decl":{"start":{"line":43,"column":2},"end":{"line":43,"column":null}},"loc":{"start":{"line":43,"column":2},"end":{"line":45,"column":3}}},"2":{"name":"(anonymous_2)","decl":{"start":{"line":51,"column":2},"end":{"line":51,"column":7}},"loc":{"start":{"line":51,"column":18},"end":{"line":56,"column":3}}},"3":{"name":"(anonymous_3)","decl":{"start":{"line":58,"column":2},"end":{"line":58,"column":13}},"loc":{"start":{"line":58,"column":47},"end":{"line":65,"column":3}}},"4":{"name":"(anonymous_4)","decl":{"start":{"line":67,"column":2},"end":{"line":67,"column":7}},"loc":{"start":{"line":69,"column":24},"end":{"line":87,"column":3}}},"5":{"name":"(anonymous_5)","decl":{"start":{"line":89,"column":2},"end":{"line":89,"column":7}},"loc":{"start":{"line":91,"column":33},"end":{"line":130,"column":3}}}},"branchMap":{"0":{"loc":{"start":{"line":52,"column":4},"end":{"line":54,"column":5}},"type":"if","locations":[{"start":{"line":52,"column":4},"end":{"line":54,"column":5}}]},"1":{"loc":{"start":{"line":59,"column":4},"end":{"line":63,"column":5}},"type":"if","locations":[{"start":{"line":59,"column":4},"end":{"line":63,"column":5}},{"start":{"line":61,"column":11},"end":{"line":63,"column":5}}]},"2":{"loc":{"start":{"line":71,"column":4},"end":{"line":73,"column":5}},"type":"if","locations":[{"start":{"line":71,"column":4},"end":{"line":73,"column":5}}]},"3":{"loc":{"start":{"line":75,"column":4},"end":{"line":77,"column":5}},"type":"if","locations":[{"start":{"line":75,"column":4},"end":{"line":77,"column":5}}]},"4":{"loc":{"start":{"line":82,"column":4},"end":{"line":84,"column":5}},"type":"if","locations":[{"start":{"line":82,"column":4},"end":{"line":84,"column":5}}]},"5":{"loc":{"start":{"line":94,"column":4},"end":{"line":99,"column":5}},"type":"if","locations":[{"start":{"line":94,"column":4},"end":{"line":99,"column":5}}]},"6":{"loc":{"start":{"line":106,"column":6},"end":{"line":112,"column":7}},"type":"if","locations":[{"start":{"line":106,"column":6},"end":{"line":112,"column":7}}]}},"s":{"0":1,"1":1,"2":1,"3":1,"4":1,"5":1,"6":0,"7":1,"8":0,"9":0,"10":0,"11":0,"12":0,"13":0,"14":0,"15":0,"16":0,"17":0,"18":0,"19":0,"20":0,"21":0,"22":0,"23":0,"24":0,"25":0,"26":0,"27":0,"28":0,"29":0,"30":0,"31":0,"32":0,"33":0,"34":0,"35":0,"36":0,"37":0,"38":0,"39":0,"40":0,"41":1},"f":{"0":0,"1":0,"2":0,"3":0,"4":0,"5":0},"b":{"0":[0],"1":[0,0],"2":[0],"3":[0],"4":[0],"5":[0],"6":[0]}}
,"/home/rudolph/src/tui/cumin/src/filebrowser/chrisFileBrowser.ts": {"path":"/home/rudolph/src/tui/cumin/src/filebrowser/chrisFileBrowser.ts","statementMap":{"0":{"start":{"line":12,"column":0},"end":{"line":12,"column":64}},"1":{"start":{"line":13,"column":0},"end":{"line":13,"column":63}},"2":{"start":{"line":26,"column":0},"end":{"line":26,"column":null}},"3":{"start":{"line":27,"column":2},"end":{"line":27,"column":null}},"4":{"start":{"line":28,"column":2},"end":{"line":28,"column":null}},"5":{"start":{"line":29,"column":2},"end":{"line":29,"column":null}},"6":{"start":{"line":36,"column":10},"end":{"line":36,"column":40}},"7":{"start":{"line":37,"column":10},"end":{"line":37,"column":67}},"8":{"start":{"line":38,"column":10},"end":{"line":38,"column":49}},"9":{"start":{"line":39,"column":10},"end":{"line":39,"column":65}},"10":{"start":{"line":42,"column":4},"end":{"line":42,"column":44}},"11":{"start":{"line":43,"column":4},"end":{"line":43,"column":41}},"12":{"start":{"line":44,"column":4},"end":{"line":44,"column":45}},"13":{"start":{"line":52,"column":4},"end":{"line":54,"column":5}},"14":{"start":{"line":53,"column":6},"end":{"line":53,"column":56}},"15":{"start":{"line":55,"column":4},"end":{"line":55,"column":24}},"16":{"start":{"line":63,"column":4},"end":{"line":63,"column":24}},"17":{"start":{"line":71,"column":29},"end":{"line":71,"column":80}},"18":{"start":{"line":72,"column":4},"end":{"line":80,"column":5}},"19":{"start":{"line":73,"column":6},"end":{"line":77,"column":8}},"20":{"start":{"line":78,"column":6},"end":{"line":78,"column":27}},"21":{"start":{"line":79,"column":6},"end":{"line":79,"column":78}},"22":{"start":{"line":81,"column":4},"end":{"line":81,"column":18}},"23":{"start":{"line":89,"column":29},"end":{"line":89,"column":80}},"24":{"start":{"line":90,"column":4},"end":{"line":98,"column":5}},"25":{"start":{"line":91,"column":6},"end":{"line":95,"column":8}},"26":{"start":{"line":96,"column":6},"end":{"line":96,"column":27}},"27":{"start":{"line":97,"column":6},"end":{"line":97,"column":82}},"28":{"start":{"line":99,"column":4},"end":{"line":99,"column":18}},"29":{"start":{"line":107,"column":29},"end":{"line":107,"column":79}},"30":{"start":{"line":108,"column":4},"end":{"line":116,"column":5}},"31":{"start":{"line":109,"column":6},"end":{"line":113,"column":8}},"32":{"start":{"line":114,"column":6},"end":{"line":114,"column":27}},"33":{"start":{"line":115,"column":6},"end":{"line":115,"column":81}},"34":{"start":{"line":117,"column":4},"end":{"line":117,"column":18}},"35":{"start":{"line":126,"column":29},"end":{"line":126,"column":62}},"36":{"start":{"line":127,"column":4},"end":{"line":130,"column":5}},"37":{"start":{"line":128,"column":6},"end":{"line":128,"column":80}},"38":{"start":{"line":129,"column":6},"end":{"line":129,"column":20}},"39":{"start":{"line":131,"column":4},"end":{"line":131,"column":25}},"40":{"start":{"line":132,"column":4},"end":{"line":142,"column":5}},"41":{"start":{"line":134,"column":8},"end":{"line":134,"column":35}},"42":{"start":{"line":135,"column":8},"end":{"line":135,"column":14}},"43":{"start":{"line":137,"column":8},"end":{"line":137,"column":35}},"44":{"start":{"line":138,"column":8},"end":{"line":138,"column":14}},"45":{"start":{"line":140,"column":8},"end":{"line":140,"column":34}},"46":{"start":{"line":141,"column":8},"end":{"line":141,"column":14}},"47":{"start":{"line":143,"column":4},"end":{"line":143,"column":18}},"48":{"start":{"line":151,"column":4},"end":{"line":151,"column":26}},"49":{"start":{"line":159,"column":4},"end":{"line":159,"column":40}},"50":{"start":{"line":35,"column":0},"end":{"line":35,"column":13}}},"fnMap":{"0":{"name":"(anonymous_0)","decl":{"start":{"line":26,"column":0},"end":{"line":26,"column":12}},"loc":{"start":{"line":26,"column":23},"end":{"line":30,"column":1}}},"1":{"name":"(anonymous_1)","decl":{"start":{"line":41,"column":2},"end":{"line":41,"column":14}},"loc":{"start":{"line":41,"column":83},"end":{"line":45,"column":3}}},"2":{"name":"(anonymous_2)","decl":{"start":{"line":51,"column":2},"end":{"line":51,"column":7}},"loc":{"start":{"line":51,"column":18},"end":{"line":56,"column":3}}},"3":{"name":"(anonymous_3)","decl":{"start":{"line":62,"column":2},"end":{"line":62,"column":6}},"loc":{"start":{"line":62,"column":16},"end":{"line":64,"column":3}}},"4":{"name":"(anonymous_4)","decl":{"start":{"line":70,"column":2},"end":{"line":70,"column":12}},"loc":{"start":{"line":70,"column":12},"end":{"line":82,"column":3}}},"5":{"name":"(anonymous_5)","decl":{"start":{"line":88,"column":2},"end":{"line":88,"column":12}},"loc":{"start":{"line":88,"column":12},"end":{"line":100,"column":3}}},"6":{"name":"(anonymous_6)","decl":{"start":{"line":106,"column":2},"end":{"line":106,"column":11}},"loc":{"start":{"line":106,"column":11},"end":{"line":118,"column":3}}},"7":{"name":"(anonymous_7)","decl":{"start":{"line":125,"column":2},"end":{"line":125,"column":13}},"loc":{"start":{"line":125,"column":34},"end":{"line":144,"column":3}}},"8":{"name":"(anonymous_8)","decl":{"start":{"line":150,"column":2},"end":{"line":150,"column":6}},"loc":{"start":{"line":150,"column":18},"end":{"line":152,"column":3}}},"9":{"name":"(anonymous_9)","decl":{"start":{"line":158,"column":2},"end":{"line":158,"column":6}},"loc":{"start":{"line":158,"column":27},"end":{"line":160,"column":3}}}},"branchMap":{"0":{"loc":{"start":{"line":26,"column":12},"end":{"line":26,"column":null}},"type":"binary-expr","locations":[{"start":{"line":26,"column":12},"end":{"line":26,"column":23}},{"start":{"line":26,"column":23},"end":{"line":26,"column":null}}]},"1":{"loc":{"start":{"line":41,"column":14},"end":{"line":41,"column":54}},"type":"default-arg","locations":[{"start":{"line":41,"column":37},"end":{"line":41,"column":54}}]},"2":{"loc":{"start":{"line":52,"column":4},"end":{"line":54,"column":5}},"type":"if","locations":[{"start":{"line":52,"column":4},"end":{"line":54,"column":5}}]},"3":{"loc":{"start":{"line":72,"column":4},"end":{"line":80,"column":5}},"type":"if","locations":[{"start":{"line":72,"column":4},"end":{"line":80,"column":5}}]},"4":{"loc":{"start":{"line":72,"column":8},"end":{"line":72,"column":54}},"type":"binary-expr","locations":[{"start":{"line":72,"column":8},"end":{"line":72,"column":22}},{"start":{"line":72,"column":26},"end":{"line":72,"column":54}}]},"5":{"loc":{"start":{"line":90,"column":4},"end":{"line":98,"column":5}},"type":"if","locations":[{"start":{"line":90,"column":4},"end":{"line":98,"column":5}}]},"6":{"loc":{"start":{"line":90,"column":8},"end":{"line":90,"column":54}},"type":"binary-expr","locations":[{"start":{"line":90,"column":8},"end":{"line":90,"column":22}},{"start":{"line":90,"column":26},"end":{"line":90,"column":54}}]},"7":{"loc":{"start":{"line":108,"column":4},"end":{"line":116,"column":5}},"type":"if","locations":[{"start":{"line":108,"column":4},"end":{"line":116,"column":5}}]},"8":{"loc":{"start":{"line":108,"column":8},"end":{"line":108,"column":54}},"type":"binary-expr","locations":[{"start":{"line":108,"column":8},"end":{"line":108,"column":22}},{"start":{"line":108,"column":26},"end":{"line":108,"column":54}}]},"9":{"loc":{"start":{"line":127,"column":4},"end":{"line":130,"column":5}},"type":"if","locations":[{"start":{"line":127,"column":4},"end":{"line":130,"column":5}}]},"10":{"loc":{"start":{"line":127,"column":8},"end":{"line":127,"column":56}},"type":"binary-expr","locations":[{"start":{"line":127,"column":8},"end":{"line":127,"column":23}},{"start":{"line":127,"column":27},"end":{"line":127,"column":56}}]},"11":{"loc":{"start":{"line":132,"column":4},"end":{"line":142,"column":5}},"type":"switch","locations":[{"start":{"line":133,"column":6},"end":{"line":135,"column":14}},{"start":{"line":136,"column":6},"end":{"line":138,"column":14}},{"start":{"line":139,"column":6},"end":{"line":141,"column":14}}]}},"s":{"0":1,"1":1,"2":1,"3":1,"4":1,"5":1,"6":0,"7":0,"8":0,"9":0,"10":0,"11":0,"12":0,"13":0,"14":0,"15":0,"16":0,"17":0,"18":0,"19":0,"20":0,"21":0,"22":0,"23":0,"24":0,"25":0,"26":0,"27":0,"28":0,"29":0,"30":0,"31":0,"32":0,"33":0,"34":0,"35":0,"36":0,"37":0,"38":0,"39":0,"40":0,"41":0,"42":0,"43":0,"44":0,"45":0,"46":0,"47":0,"48":0,"49":0,"50":1},"f":{"0":1,"1":0,"2":0,"3":0,"4":0,"5":0,"6":0,"7":0,"8":0,"9":0},"b":{"0":[1,1],"1":[0],"2":[0],"3":[0],"4":[0,0],"5":[0],"6":[0,0],"7":[0],"8":[0,0],"9":[0],"10":[0,0],"11":[0,0,0]}}
,"/home/rudolph/src/tui/cumin/src/filebrowser/chrisFiles.ts": {"path":"/home/rudolph/src/tui/cumin/src/filebrowser/chrisFiles.ts","statementMap":{"0":{"start":{"line":138,"column":0},"end":{"line":138,"column":7}},"1":{"start":{"line":10,"column":0},"end":{"line":10,"column":82}},"2":{"start":{"line":13,"column":0},"end":{"line":13,"column":64}},"3":{"start":{"line":17,"column":4},"end":{"line":17,"column":19}},"4":{"start":{"line":18,"column":4},"end":{"line":18,"column":39}},"5":{"start":{"line":24,"column":4},"end":{"line":24,"column":19}},"6":{"start":{"line":25,"column":4},"end":{"line":25,"column":43}},"7":{"start":{"line":35,"column":10},"end":{"line":35,"column":40}},"8":{"start":{"line":36,"column":10},"end":{"line":36,"column":65}},"9":{"start":{"line":38,"column":10},"end":{"line":38,"column":64}},"10":{"start":{"line":41,"column":4},"end":{"line":41,"column":22}},"11":{"start":{"line":50,"column":21},"end":{"line":50,"column":41}},"12":{"start":{"line":51,"column":4},"end":{"line":51,"column":33}},"13":{"start":{"line":52,"column":4},"end":{"line":52,"column":20}},"14":{"start":{"line":60,"column":4},"end":{"line":60,"column":47}},"15":{"start":{"line":68,"column":4},"end":{"line":68,"column":47}},"16":{"start":{"line":76,"column":4},"end":{"line":76,"column":46}},"17":{"start":{"line":84,"column":4},"end":{"line":84,"column":22}},"18":{"start":{"line":92,"column":4},"end":{"line":92,"column":38}},"19":{"start":{"line":101,"column":4},"end":{"line":101,"column":44}},"20":{"start":{"line":108,"column":4},"end":{"line":108,"column":54}},"21":{"start":{"line":109,"column":4},"end":{"line":111,"column":5}},"22":{"start":{"line":110,"column":6},"end":{"line":110,"column":111}},"23":{"start":{"line":113,"column":4},"end":{"line":117,"column":5}},"24":{"start":{"line":114,"column":6},"end":{"line":114,"column":93}},"25":{"start":{"line":116,"column":6},"end":{"line":116,"column":137}},"26":{"start":{"line":119,"column":4},"end":{"line":121,"column":5}},"27":{"start":{"line":120,"column":6},"end":{"line":120,"column":83}},"28":{"start":{"line":123,"column":4},"end":{"line":123,"column":111}},"29":{"start":{"line":124,"column":4},"end":{"line":124,"column":111}},"30":{"start":{"line":125,"column":4},"end":{"line":125,"column":109}},"31":{"start":{"line":127,"column":4},"end":{"line":131,"column":5}},"32":{"start":{"line":128,"column":6},"end":{"line":130,"column":7}},"33":{"start":{"line":129,"column":8},"end":{"line":129,"column":100}},"34":{"start":{"line":34,"column":0},"end":{"line":34,"column":13}},"35":{"start":{"line":139,"column":2},"end":{"line":144,"column":3}},"36":{"start":{"line":140,"column":4},"end":{"line":140,"column":47}},"37":{"start":{"line":142,"column":4},"end":{"line":142,"column":57}},"38":{"start":{"line":143,"column":4},"end":{"line":143,"column":16}}},"fnMap":{"0":{"name":"(anonymous_0)","decl":{"start":{"line":16,"column":2},"end":{"line":16,"column":14}},"loc":{"start":{"line":16,"column":29},"end":{"line":19,"column":3}}},"1":{"name":"(anonymous_1)","decl":{"start":{"line":23,"column":2},"end":{"line":23,"column":14}},"loc":{"start":{"line":23,"column":29},"end":{"line":26,"column":3}}},"2":{"name":"(anonymous_2)","decl":{"start":{"line":40,"column":2},"end":{"line":40,"column":22}},"loc":{"start":{"line":40,"column":39},"end":{"line":42,"column":3}}},"3":{"name":"(anonymous_3)","decl":{"start":{"line":49,"column":9},"end":{"line":49,"column":15}},"loc":{"start":{"line":49,"column":52},"end":{"line":53,"column":3}}},"4":{"name":"(anonymous_4)","decl":{"start":{"line":59,"column":2},"end":{"line":59,"column":13}},"loc":{"start":{"line":59,"column":28},"end":{"line":61,"column":3}}},"5":{"name":"(anonymous_5)","decl":{"start":{"line":67,"column":2},"end":{"line":67,"column":13}},"loc":{"start":{"line":67
[...]
":452,"column":16},"end":{"line":452,"column":34}},"loc":{"start":{"line":454,"column":18},"end":{"line":469,"column":1}}}},"branchMap":{"0":{"loc":{"start":{"line":97,"column":4},"end":{"line":99,"column":5}},"type":"if","locations":[{"start":{"line":97,"column":4},"end":{"line":99,"column":5}}]},"1":{"loc":{"start":{"line":142,"column":4},"end":{"line":144,"column":5}},"type":"if","locations":[{"start":{"line":142,"column":4},"end":{"line":144,"column":5}}]},"2":{"loc":{"start":{"line":162,"column":4},"end":{"line":164,"column":5}},"type":"if","locations":[{"start":{"line":162,"column":4},"end":{"line":164,"column":5}}]},"3":{"loc":{"start":{"line":185,"column":4},"end":{"line":185,"column":56}},"type":"if","locations":[{"start":{"line":185,"column":4},"end":{"line":185,"column":56}}]},"4":{"loc":{"start":{"line":201,"column":4},"end":{"line":201,"column":56}},"type":"if","locations":[{"start":{"line":201,"column":4},"end":{"line":201,"column":56}}]},"5":{"loc":{"start":{"line":205,"column":4},"end":{"line":216,"column":5}},"type":"if","locations":[{"start":{"line":205,"column":4},"end":{"line":216,"column":5}}]},"6":{"loc":{"start":{"line":205,"column":8},"end":{"line":205,"column":77}},"type":"binary-expr","locations":[{"start":{"line":205,"column":8},"end":{"line":205,"column":28}},{"start":{"line":205,"column":32},"end":{"line":205,"column":53}},{"start":{"line":205,"column":57},"end":{"line":205,"column":77}}]},"7":{"loc":{"start":{"line":207,"column":6},"end":{"line":215,"column":7}},"type":"if","locations":[{"start":{"line":207,"column":6},"end":{"line":215,"column":7}}]},"8":{"loc":{"start":{"line":210,"column":8},"end":{"line":214,"column":9}},"type":"if","locations":[{"start":{"line":210,"column":8},"end":{"line":214,"column":9}},{"start":{"line":212,"column":15},"end":{"line":214,"column":9}}]},"9":{"loc":{"start":{"line":241,"column":4},"end":{"line":243,"column":5}},"type":"if","locations":[{"start":{"line":241,"column":4},"end":{"line":243,"column":5}}]},"10":{"loc":{"start":{"line":247,"column":4},"end":{"line":247,"column":32}},"type":"if","locations":[{"start":{"line":247,"column":4},"end":{"line":247,"column":32}}]},"11":{"loc":{"start":{"line":254,"column":8},"end":{"line":256,"column":9}},"type":"if","locations":[{"start":{"line":254,"column":8},"end":{"line":256,"column":9}}]},"12":{"loc":{"start":{"line":266,"column":4},"end":{"line":268,"column":5}},"type":"if","locations":[{"start":{"line":266,"column":4},"end":{"line":268,"column":5}}]},"13":{"loc":{"start":{"line":266,"column":8},"end":{"line":266,"column":31}},"type":"binary-expr","locations":[{"start":{"line":266,"column":8},"end":{"line":266,"column":14}},{"start":{"line":266,"column":18},"end":{"line":266,"column":31}}]},"14":{"loc":{"start":{"line":283,"column":4},"end":{"line":287,"column":5}},"type":"if","locations":[{"start":{"line":283,"column":4},"end":{"line":287,"column":5}},{"start":{"line":285,"column":11},"end":{"line":287,"column":5}}]},"15":{"loc":{"start":{"line":285,"column":11},"end":{"line":287,"column":5}},"type":"if","locations":[{"start":{"line":285,"column":11},"end":{"line":287,"column":5}}]},"16":{"loc":{"start":{"line":288,"column":4},"end":{"line":290,"column":5}},"type":"if","locations":[{"start":{"line":288,"column":4},"end":{"line":290,"column":5}}]},"17":{"loc":{"start":{"line":298,"column":4},"end":{"line":300,"column":5}},"type":"if","locations":[{"start":{"line":298,"column":4},"end":{"line":300,"column":5}}]},"18":{"loc":{"start":{"line":301,"column":4},"end":{"line":303,"column":5}},"type":"if","locations":[{"start":{"line":301,"column":4},"end":{"line":303,"column":5}}]},"19":{"loc":{"start":{"line":307,"column":4},"end":{"line":309,"column":5}},"type":"if","locations":[{"start":{"line":307,"column":4},"end":{"line":309,"column":5}}]},"20":{"loc":{"start":{"line":310,"column":4},"end":{"line":314,"column":5}},"type":"if","locations":[{"start":{"line":310,"column":4},"end":{"line":314,"column":5}}]},"21":{"loc":{"start":{"line":311,"column":6},"end":{"line":313,"column":7}},"type":"if","locations":[{"start":{"line":311,"column":6},"end":{"line":313,"column":7}}]},"22":{"loc":{"start":{"line":332,"column":13},"end":{"line":332,"column":33}},"type":"binary-expr","locations":[{"start":{"line":332,"column":13},"end":{"line":332,"column":27}},{"start":{"line":332,"column":31},"end":{"line":332,"column":33}}]},"23":{"loc":{"start":{"line":333,"column":14},"end":{"line":333,"column":34}},"type":"binary-expr","locations":[{"start":{"line":333,"column":14},"end":{"line":333,"column":29}},{"start":{"line":333,"column":33},"end":{"line":333,"column":34}}]},"24":{"loc":{"start":{"line":338,"column":4},"end":{"line":340,"column":5}},"type":"if","locations":[{"start":{"line":338,"column":4},"end":{"line":340,"column":5}}]},"25":{"loc":{"start":{"line":342,"column":4},"end":{"line":344,"column":5}},"type":"if","locations":[{"start":{"line":342,"column":4},"end":{"line":344,"column":5}}]},"26":{"loc":{"start":{"line":346,"column":4},"end":{"line":349,"column":5}},"type":"if","locations":[{"start":{"line":346,"column":4},"end":{"line":349,"column":5}}]},"27":{"loc":{"start":{"line":355,"column":13},"end":{"line":355,"column":33}},"type":"binary-expr","locations":[{"start":{"line":355,"column":13},"end":{"line":355,"column":27}},{"start":{"line":355,"column":31},"end":{"line":355,"column":33}}]},"28":{"loc":{"start":{"line":356,"column":14},"end":{"line":356,"column":34}},"type":"binary-expr","locations":[{"start":{"line":356,"column":14},"end":{"line":356,"column":29}},{"start":{"line":356,"column":33},"end":{"line":356,"column":34}}]},"29":{"loc":{"start":{"line":362,"column":4},"end":{"line":364,"column":5}},"type":"if","locations":[{"start":{"line":362,"column":4},"end":{"line":364,"column":5}}]},"30":{"loc":{"start":{"line":362,"column":8},"end":{"line":362,"column":74}},"type":"binary-expr","locations":[{"start":{"line":362,"column":8},"end":{"line":362,"column":33}},{"start":{"line":362,"column":37},"end":{"line":362,"column":74}}]},"31":{"loc":{"start":{"line":369,"column":8},"end":{"line":371,"column":9}},"type":"if","locations":[{"start":{"line":369,"column":8},"end":{"line":371,"column":9}}]},"32":{"loc":{"start":{"line":375,"column":8},"end":{"line":377,"column":9}},"type":"if","locations":[{"start":{"line":375,"column":8},"end":{"line":377,"column":9}}]},"33":{"loc":{"start":{"line":383,"column":8},"end":{"line":387,"column":9}},"type":"if","locations":[{"start":{"line":383,"column":8},"end":{"line":387,"column":9}},{"start":{"line":385,"column":15},"end":{"line":387,"column":9}}]},"34":{"loc":{"start":{"line":391,"column":11},"end":{"line":391,"column":58}},"type":"cond-expr","locations":[{"start":{"line":391,"column":38},"end":{"line":391,"column":51}},{"start":{"line":391,"column":54},"end":{"line":391,"column":58}}]},"35":{"loc":{"start":{"line":406,"column":4},"end":{"line":408,"column":5}},"type":"if","locations":[{"start":{"line":406,"column":4},"end":{"line":408,"column":5}}]},"36":{"loc":{"start":{"line":412,"column":4},"end":{"line":412,"column":44}},"type":"if","locations":[{"start":{"line":412,"column":4},"end":{"line":412,"column":44}}]},"37":{"loc":{"start":{"line":420,"column":4},"end":{"line":425,"column":5}},"type":"if","locations":[{"start":{"line":420,"column":4},"end":{"line":425,"column":5}}]},"38":{"loc":{"start":{"line":420,"column":8},"end":{"line":420,"column":51}},"type":"binary-expr","locations":[{"start":{"line":420,"column":8},"end":{"line":420,"column":30}},{"start":{"line":420,"column":34},"end":{"line":420,"column":51}}]},"39":{"loc":{"start":{"line":428,"column":4},"end":{"line":430,"column":5}},"type":"if","locations":[{"start":{"line":428,"column":4},"end":{"line":430,"column":5}}]},"40":{"loc":{"start":{"line":434,"column":4},"end":{"line":440,"column":5}},"type":"if","locations":[{"start":{"line":434,"column":4},"end":{"line":440,"column":5}}]},"41":{"loc":{"start":{"line":436,"column":6},"end":{"line":438,"column":7}},"type":"if","locations":[{"start":{"line":436,"column":6},"end":{"line":438,"column":7}}]},"42":{"loc":{"start":{"line":465,"column":2},"end":{"line":467,"column":3}},"type":"if","locations":[{"start":{"line":465,"column":2},"end":{"line":467,"column":3}}]}},"s":{"0":1,"1":1,"2":1,"3":0,"4":0,"5":0,"6":0,"7":0,"8":0,"9":0,"10":0,"11":0,"12":0,"13":0,"14":0,"15":0,"16":0,"17":0,"18":0,"19":0,"20":0,"21":0,"22":0,"23":0,"24":0,"25":0,"26":0,"27":0,"28":0,"29":0,"30":0,"31":0,"32":0,"33":0,"34":0,"35":0,"36":0,"37":0,"38":0,"39":0,"40":0,"41":0,"42":0,"43":0,"44":0,"45":0,"46":0,"47":0,"48":0,"49":0,"50":0,"51":0,"52":0,"53":0,"54":0,"55":0,"56":0,"57":0,"58":0,"59":0,"60":0,"61":0,"62":0,"63":0,"64":0,"65":0,"66":0,"67":0,"68":0,"69":0,"70":0,"71":0,"72":0,"73":0,"74":0,"75":0,"76":0,"77":0,"78":0,"79":0,"80":0,"81":0,"82":0,"83":0,"84":0,"85":0,"86":0,"87":0,"88":0,"89":0,"90":0,"91":0,"92":0,"93":0,"94":0,"95":0,"96":0,"97":0,"98":0,"99":0,"100":0,"101":0,"102":0,"103":0,"104":0,"105":0,"106":0,"107":0,"108":0,"109":0,"110":0,"111":0,"112":0,"113":0,"114":0,"115":0,"116":0,"117":0,"118":0,"119":0,"120":0,"121":0,"122":0,"123":0,"124":0,"125":0,"126":0,"127":0,"128":0,"129":0,"130":0,"131":0,"132":0,"133":0,"134":0,"135":0,"136":0,"137":0,"138":0,"139":0,"140":0,"141":0,"142":0,"143":0,"144":0,"145":0,"146":0,"147":1,"148":0,"149":0,"150":0,"151":0,"152":0,"153":0},"f":{"0":0,"1":0,"2":0,"3":0,"4":0,"5":0,"6":0,"7":0,"8":0,"9":0,"10":0,"11":0,"12":0,"13":0,"14":0,"15":0,"16":0,"17":0,"18":0,"19":0,"20":0,"21":0,"22":0,"23":0,"24":0,"25":0,"26":0,"27":0,"28":0,"29":0,"30":0},"b":{"0":[0],"1":[0],"2":[0],"3":[0],"4":[0],"5":[0],"6":[0,0,0],"7":[0],"8":[0,0],"9":[0],"10":[0],"11":[0],"12":[0],"13":[0,0],"14":[0,0],"15":[0],"16":[0],"17":[0],"18":[0],"19":[0],"20":[0],"21":[0],"22":[0,0],"23":[0,0],"24":[0],"25":[0],"26":[0],"27":[0,0],"28":[0,0],"29":[0],"30":[0,0],"31":[0],"32":[0],"33":[0,0],"34":[0,0],"35":[0],"36":[0],"37":[0],"38":[0,0],"39":[0],"40":[0],"41":[0],"42":[0]}}
,"/home/rudolph/src/tui/cumin/src/utils/keypair.ts": {"path":"/home/rudolph/src/tui/cumin/src/utils/keypair.ts","statementMap":{"0":{"start":{"line":42,"column":0},"end":{"line":42,"column":16}},"1":{"start":{"line":72,"column":0},"end":{"line":72,"column":16}},"2":{"start":{"line":94,"column":0},"end":{"line":94,"column":16}},"3":{"start":{"line":133,"column":0},"end":{"line":133,"column":16}},"4":{"start":{"line":160,"column":0},"end":{"line":160,"column":16}},"5":{"start":{"line":43,"column":31},"end":{"line":43,"column":33}},"6":{"start":{"line":45,"column":15},"end":{"line":45,"column":58}},"7":{"start":{"line":46,"column":12},"end":{"line":46,"column":14}},"8":{"start":{"line":48,"column":2},"end":{"line":61,"column":3}},"9":{"start":{"line":48,"column":15},"end":{"line":48,"column":16}},"10":{"start":{"line":49,"column":14},"end":{"line":49,"column":49}},"11":{"start":{"line":51,"column":4},"end":{"line":60,"column":5}},"12":{"start":{"line":53,"column":6},"end":{"line":53,"column":35}},"13":{"start":{"line":54,"column":6},"end":{"line":54,"column":25}},"14":{"start":{"line":55,"column":11},"end":{"line":60,"column":5}},"15":{"start":{"line":57,"column":23},"end":{"line":57,"column":34}},"16":{"start":{"line":58,"column":6},"end":{"line":58,"column":53}},"17":{"start":{"line":59,"column":6},"end":{"line":59,"column":15}},"18":{"start":{"line":63,"column":2},"end":{"line":63,"column":16}},"19":{"start":{"line":75,"column":47},"end":{"line":75,"column":49}},"20":{"start":{"line":76,"column":16},"end":{"line":76,"column":66}},"21":{"start":{"line":76,"column":54},"end":{"line":76,"column":65}},"22":{"start":{"line":77,"column":2},"end":{"line":83,"column":5}},"23":{"start":{"line":78,"column":33},"end":{"line":78,"column":69}},"24":{"start":{"line":78,"column":60},"end":{"line":78,"column":68}},"25":{"start":{"line":79,"column":18},"end":{"line":79,"column":45}},"26":{"start":{"line":80,"column":4},"end":{"line":82,"column":5}},"27":{"start":{"line":81,"column":6},"end":{"line":81,"column":32}},"28":{"start":{"line":84,"column":2},"end":{"line":84,"column":22}},"29":{"start":{"line":98,"column":2},"end":{"line":101,"column":3}},"30":{"start":{"line":99,"column":25},"end":{"line":99,"column":58}},"31":{"start":{"line":100,"column":4},"end":{"line":100,"column":42}},"32":{"start":{"line":102,"column":2},"end":{"line":102,"column":16}},"33":{"start":{"line":106,"column":2},"end":{"line":121,"column":3}},"34":{"start":{"line":107,"column":4},"end":{"line":120,"column":5}},"35":{"start":{"line":108,"column":29},"end":{"line":110,"column":37}},"36":{"start":{"line":110,"column":24},"end":{"line":110,"column":36}},"37":{"start":{"line":111,"column":54},"end":{"line":111,"column":56}},"38":{"start":{"line":112,"column":6},"end":{"line":116,"column":7}},"39":{"start":{"line":113,"column":8},"end":{"line":115,"column":9}},"40":{"start":{"line":114,"column":10},"end":{"line":114,"column":46}},"41":{"start":{"line":117,"column":6},"end":{"line":117,"column":25}},"42":{"start":{"line":119,"column":6},"end":{"line":119,"column":56}},"43":{"start":{"line":122,"column":2},"end":{"line":122,"column":17}},"44":{"start":{"line":137,"column":23},"end":{"line":137,"column":44}},"45":{"start":{"line":139,"column":2},"end":{"line":139,"column":65}},"46":{"start":{"line":140,"column":2},"end":{"line":140,"column":55}},"47":{"start":{"line":142,"column":2},"end":{"line":144,"column":3}},"48":{"start":{"line":143,"column":4},"end":{"line":143,"column":104}},"49":{"start":{"line":146,"column":2},"end":{"line":148,"column":3}},"50":{"start":{"line":147,"column":4},"end":{"line":147,"column":58}},"51":{"start":{"line":150,"column":2},"end":{"line":150,"column":17}},"52":{"start":{"line":164,"column":31},"end":{"line":166,"column":4}},"53":{"start":{"line":165,"column":34},"end":{"line":165,"column":46}},"54":{"start":{"line":167,"column":2},"end":{"line":167,"column":19}}},"fnMap":{"0":{"name":"dictionary_fromCLI","decl":{"start":{"line":42,"column":16},"end":{"line":42,"column":34}},"loc":{"start":{"line":42,"column":52},"end":{"line":64,"column":1}}},"1":{"name":"keyPairString_parse","decl":{"start":{"line":72,"column":16},"end":{"line":72,"column":35}},"loc":{"start":{"line":73,"column":22},"end":{"line":85,"column":1}}},"2":{"name":"(anonymous_2)","decl":{"start":{"line":76,"column":44},"end":{"line":76,"column":45}},"loc":{"start":{"line":76,"column":54},"end":{"line":76,"column":65}}},"3":{"name":"(anonymous_3)","decl":{"start":{"line":77,"column":16},"end":{"line":77,"column":17}},"loc":{"start":{"line":77,"column":25},"end":{"line":83,"column":3}}},"4":{"name":"(anonymous_4)","decl":{"start":{"line":78,"column":53},"end":{"line":78,"column":54}},"loc":{"start":{"line":78,"column":60},"end":{"line":78,"column":68}}},"5":{"name":"keyPairParams_apply","decl":{"start":{"line":94,"column":16},"end":{"line":94,"column":35}},"loc":{"start":{"line":96,"column":23},"end":{"line":103,"column":1}}},"6":{"name":"options_reduce","decl":{"start":{"line":105,"column":9},"end":{"line":105,"column":23}},"loc":{"start":{"line":105,"column":49},"end":{"line":123,"column":1}}},"7":{"name":"(anonymous_7)","decl":{"start":{"line":110,"column":13},"end":{"line":110,"column":14}},"loc":{"start":{"line":110,"column":24},"end":{"line":110,"column":36}}},"8":{"name":"params_fromOptions","decl":{"start":{"line":133,"column":16},"end":{"line":133,"column":34}},"loc":{"start":{"line":135,"column":49},"end":{"line":151,"column":1}}},"9":{"name":"record_extract","decl":{"start":{"line":160,"column":16},"end":{"line":160,"column":30}},"loc":{"start":{"line":162,"column":16},"end":{"line":168,"column":1}}},"10":{"name":"(anonymous_10)","decl":{"start":{"line":165,"column":24},"end":{"line":165,"column":25}},"loc":{"start":{"line":165,"column":34},"end":{"line":165,"column":46}}}},"branchMap":{"0":{"loc":{"start":{"line":45,"column":15},"end":{"line":45,"column":58}},"type":"binary-expr","locations":[{"start":{"line":45,"column":15},"end":{"line":45,"column":52}},{"start":{"line":45,"column":56},"end":{"line":45,"column":58}}]},"1":{"loc":{"start":{"line":51,"column":4},"end":{"line":60,"column":5}},"type":"if","locations":[{"start":{"line":51,"column":4},"end":{"line":60,"column":5}},{"start":{"line":55,"column":11},"end":{"line":60,"column":5}}]},"2":{"loc":{"start":{"line":55,"column":11},"end":{"line":60,"column":5}},"type":"if","locations":[{"start":{"line":55,"column":11},"end":{"line":60,"column":5}}]},"3":{"loc":{"start":{"line":58,"column":20},"end":{"line":58,"column":52}},"type":"cond-expr","locations":[{"start":{"line":58,"column":38},"end":{"line":58,"column":41}},{"start":{"line":58,"column":44},"end":{"line":58,"column":52}}]},"4":{"loc":{"start":{"line":80,"column":4},"end":{"line":82,"column":5}},"type":"if","locations":[{"start":{"line":80,"column":4},"end":{"line":82,"column":5}}]},"5":{"loc":{"start":{"line":80,"column":8},"end":{"line":80,"column":20}},"type":"binary-expr","locations":[{"start":{"line":80,"column":8},"end":{"line":80,"column":11}},{"start":{"line":80,"column":15},"end":{"line":80,"column":20}}]},"6":{"loc":{"start":{"line":98,"column":2},"end":{"line":101,"column":3}},"type":"if","locations":[{"start":{"line":98,"column":2},"end":{"line":101,"column":3}}]},"7":{"loc":{"start":{"line":106,"column":2},"end":{"line":121,"column":3}},"type":"if","locations":[{"start":{"line":106,"column":2},"end":{"line":121,"column":3}}]},"8":{"loc":{"start":{"line":106,"column":6},"end":{"line":106,"column":70}},"type":"binary-expr","locations":[{"start":{"line":106,"column":6},"end":{"line":106,"column":26}},{"start":{"line":106,"column":30},"end":{"line":106,"column":70}}]},"9":{"loc":{"start":{"line":113,"column":8},"end":{"line":115,"column":9}},"type":"if","locations":[{"start":{"line":113,"column":8},"end":{"line":115,"column":9}}]},"10":{"loc":{"start":{"line":113,"column":12},"end":{"line":113,"column":56}},"type":"binary-expr","locations":[{"start":{"line":113,"column":12},"end":{"line":113,"column":28}},{"start":{"line":113,"column":32},"end":{"line":113,"column":56}}]},"11":{"loc":{"start":{"line":135,"column":2},"end":{"line":135,"column":49}},"type":"default-arg","locations":[{"start":{"line":135,"column":41},"end":{"line":135,"column":49}}]},"12":{"loc":{"start":{"line":139,"column":18},"end":{"line":139,"column":64}},"type":"cond-expr","locations":[{"start":{"line":139,"column":33},"end":{"line":139,"column":59}},{"start":{"line":139,"column":62},"end":{"line":139,"column":64}}]},"13":{"loc":{"start":{"line":140,"column":19},"end":{"line":140,"column":54}},"type":"cond-expr","locations":[{"start":{"line":140,"column":36},"end":{"line":140,"column":50}},{"start":{"line":140,"column":53},"end":{"line":140,"column":54}}]},"14":{"loc":{"start":{"line":142,"column":2},"end":{"line":144,"column":3}},"type":"if","locations":[{"start":{"line":142,"column":2},"end":{"line":144,"column":3}}]},"15":{"loc":{"start":{"line":146,"column":2},"end":{"line":148,"column":3}},"type":"if","locations":[{"start":{"line":146,"column":2},"end":{"line":148,"column":3}}]},"16":{"loc":{"start":{"line":146,"column":6},"end":{"line":146,"column":70}},"type":"binary-expr","locations":[{"start":{"line":146,"column":6},"end":{"line":146,"column":26}},{"start":{"line":146,"column":30},"end":{"line":146,"column":70}}]}},"s":{"0":1,"1":1,"2":1,"3":1,"4":1,"5":0,"6":0,"7":0,"8":0,"9":0,"10":0,"11":0,"12":0,"13":0,"14":0,"15":0,"16":0,"17":0,"18":0,"19":0,"20":0,"21":0,"22":0,"23":0,"24":0,"25":0,"26":0,"27":0,"28":0,"29":0,"30":0,"31":0,"32":0,"33":0,"34":0,"35":0,"36":0,"37":0,"38":0,"39":0,"40":0,"41":0,"42":0,"43":0,"44":0,"45":0,"46":0,"47":0,"48":0,"49":0,"50":0,"51":0,"52":0,"53":0,"54":0},"f":{"0":0,"1":0,"2":0,"3":0,"4":0,"5":0,"6":0,"7":0,"8":0,"9":0,"10":0},"b":{"0":[0,0],"1":[0,0],"2":[0],"3":[0,0],"4":[0],"5":[0,0],"6":[0],"7":[0],"8":[0,0],"9":[0],"10":[0,0],"11":[0],"12":[0,0],"13":[0,0],"14":[0],"15":[0],"16":[0,0]}}
}
