TN:
SF:src/index.ts
FN:28,getChrisVersion
FN:38,main
FN:45,(anonymous_6)
FNF:3
FNH:1
FNDA:1,getChrisVersion
FNDA:0,main
FNDA:0,(anonymous_6)
DA:3,1
DA:4,1
DA:5,1
DA:6,1
DA:7,1
DA:8,1
DA:9,1
DA:10,1
DA:11,1
DA:12,1
DA:13,1
DA:14,1
DA:15,1
DA:16,1
DA:17,1
DA:18,1
DA:19,1
DA:20,1
DA:28,1
DA:29,1
DA:32,1
DA:39,0
DA:44,1
DA:45,0
DA:46,0
DA:47,0
LF:26
LH:22
BRDA:44,0,0,0
BRF:1
BRH:0
end_of_record
TN:
SF:src/config/config.ts
FN:47,(anonymous_9)
FN:62,(anonymous_10)
FN:89,(anonymous_11)
FN:104,(anonymous_12)
FN:128,(anonymous_13)
FN:140,(anonymous_14)
FN:155,(anonymous_15)
FN:183,(anonymous_16)
FN:206,(anonymous_17)
FN:227,(anonymous_18)
FN:247,(anonymous_19)
FN:256,(anonymous_20)
FN:280,(anonymous_21)
FN:295,(anonymous_22)
FN:306,(anonymous_23)
FN:326,(anonymous_24)
FN:347,(anonymous_25)
FN:357,(anonymous_26)
FN:367,(anonymous_27)
FN:377,(anonymous_28)
FN:387,(anonymous_29)
FN:397,(anonymous_30)
FN:417,config_init
FNF:23
FNH:0
FNDA:0,(anonymous_9)
FNDA:0,(anonymous_10)
FNDA:0,(anonymous_11)
FNDA:0,(anonymous_12)
FNDA:0,(anonymous_13)
FNDA:0,(anonymous_14)
FNDA:0,(anonymous_15)
FNDA:0,(anonymous_16)
FNDA:0,(anonymous_17)
FNDA:0,(anonymous_18)
FNDA:0,(anonymous_19)
FNDA:0,(anonymous_20)
FNDA:0,(anonymous_21)
FNDA:0,(anonymous_22)
FNDA:0,(anonymous_23)
FNDA:0,(anonymous_24)
FNDA:0,(anonymous_25)
FNDA:0,(anonymous_26)
FNDA:0,(anonymous_27)
FNDA:0,(anonymous_28)
FNDA:0,(anonymous_29)
FNDA:0,(anonymous_30)
FNDA:0,config_init
DA:4,1
DA:5,1
DA:6,1
DA:8,1
DA:43,1
DA:48,0
DA:66,0
DA:68,0
DA:69,0
DA:70,0
DA:71,0
DA:73,0
DA:74,0
DA:75,0
DA:76,0
DA:77,0
DA:78,0
DA:79,0
DA:93,0
DA:94,0
DA:95,0
DA:97,0
DA:105,0
DA:106,0
DA:107,0
DA:108,0
DA:110,0
DA:111,0
DA:112,0
DA:113,0
DA:114,0
DA:116,0
DA:120,0
DA:129,0
DA:130,0
DA:141,0
DA:156,0
DA:162,0
DA:163,0
DA:164,0
DA:167,0
DA:169,0
DA:171,0
DA:174,0
DA:184,0
DA:185,0
DA:186,0
DA:187,0
DA:188,0
DA:189,0
DA:191,0
DA:192,0
DA:196,0
DA:197,0
DA:207,0
DA:208,0
DA:210,0
DA:211,0
DA:212,0
DA:214,0
DA:218,0
DA:228,0
DA:229,0
DA:231,0
DA:232,0
DA:233,0
DA:235,0
DA:239,0
DA:248,0
DA:257,0
DA:260,0
DA:268,1
DA:285,0
DA:286,0
DA:287,0
DA:288,0
DA:289,0
DA:290,0
DA:291,0
DA:292,0
DA:296,0
DA:310,0
DA:311,0
DA:312,0
DA:317,0
DA:319,0
DA:327,0
DA:331,0
DA:335,0
DA:348,0
DA:349,0
DA:358,0
DA:368,0
DA:369,0
DA:378,0
DA:388,0
DA:389,0
DA:398,0
DA:417,1
DA:418,0
DA:419,0
LF:101
LH:7
BRDA:63,0,0,0
BRDA:68,1,0,0
BRDA:68,1,1,0
BRDA:70,2,0,0
BRDA:70,2,1,0
BRDA:72,3,0,0
BRDA:72,3,1,0
BRDA:73,4,0,0
BRDA:73,4,1,0
BRDA:74,5,0,0
BRDA:74,5,1,0
BRDA:75,6,0,0
BRDA:75,6,1,0
BRDA:76,7,0,0
BRDA:76,7,1,0
BRDA:78,8,0,0
BRDA:78,8,1,0
BRDA:79,9,0,0
BRDA:79,9,1,0
BRDA:93,10,0,0
BRDA:107,11,0,0
BRDA:113,12,0,0
BRDA:129,13,0,0
BRDA:163,14,0,0
BRDA:188,15,0,0
BRDA:210,16,0,0
BRDA:231,17,0,0
BRDA:281,18,0,0
BRDA:285,19,0,0
BRDA:285,19,1,0
BRDA:286,20,0,0
BRDA:286,20,1,0
BRDA:287,21,0,0
BRDA:287,21,1,0
BRDA:288,22,0,0
BRDA:288,22,1,0
BRDA:289,23,0,0
BRDA:289,23,1,0
BRDA:290,24,0,0
BRDA:290,24,1,0
BRDA:310,25,0,0
BRF:41
BRH:0
end_of_record
TN:
SF:src/connect/chrisConnection.ts
FN:42,contextString_check
FN:69,(anonymous_2)
FN:80,(anonymous_3)
FN:91,(anonymous_4)
FN:138,(anonymous_5)
FN:198,(anonymous_6)
FN:209,(anonymous_7)
FN:220,(anonymous_8)
FN:235,(anonymous_9)
FN:253,(anonymous_10)
FN:260,(anonymous_11)
FN:275,(anonymous_12)
FN:288,(anonymous_13)
FN:306,chrisConnection_init
FNF:14
FNH:1
FNDA:0,contextString_check
FNDA:1,(anonymous_2)
FNDA:0,(anonymous_3)
FNDA:0,(anonymous_4)
FNDA:0,(anonymous_5)
FNDA:0,(anonymous_6)
FNDA:0,(anonymous_7)
FNDA:0,(anonymous_8)
FNDA:0,(anonymous_9)
FNDA:0,(anonymous_10)
FNDA:0,(anonymous_11)
FNDA:0,(anonymous_12)
FNDA:0,(anonymous_13)
FNDA:0,chrisConnection_init
DA:12,1
DA:13,1
DA:14,1
DA:25,1
DA:43,0
DA:44,0
DA:46,0
DA:47,0
DA:49,0
DA:55,1
DA:56,1
DA:58,1
DA:59,1
DA:60,1
DA:70,1
DA:71,0
DA:81,0
DA:82,0
DA:83,0
DA:92,0
DA:93,0
DA:94,0
DA:95,0
DA:96,0
DA:97,0
DA:98,0
DA:99,0
DA:100,0
DA:101,0
DA:102,0
DA:103,0
DA:104,0
DA:105,0
DA:106,0
DA:108,0
DA:109,0
DA:112,0
DA:115,0
DA:118,0
DA:121,0
DA:124,0
DA:125,0
DA:126,0
DA:127,0
DA:129,0
DA:139,0
DA:140,0
DA:141,0
DA:143,0
DA:144,0
DA:146,0
DA:147,0
DA:150,0
DA:151,0
DA:152,0
DA:158,0
DA:159,0
DA:161,0
DA:162,0
DA:163,0
DA:164,0
DA:167,0
DA:168,0
DA:173,0
DA:174,0
DA:179,0
DA:180,0
DA:186,0
DA:187,0
DA:190,0
DA:199,0
DA:200,0
DA:202,0
DA:210,0
DA:211,0
DA:213,0
DA:221,0
DA:222,0
DA:223,0
DA:224,0
DA:225,0
DA:226,0
DA:228,0
DA:236,0
DA:242,0
DA:243,0
DA:246,0
DA:254,0
DA:261,0
DA:262,0
DA:263,0
DA:264,0
DA:266,0
DA:276,0
DA:277,0
DA:279,0
DA:280,0
DA:289,0
DA:290,0
DA:292,0
DA:300,1
DA:306,1
DA:307,0
DA:308,0
LF:104
LH:12
BRDA:43,0,0,0
BRDA:46,1,0,0
BRDA:70,2,0,0
BRDA:70,3,0,1
BRDA:70,3,1,0
BRDA:101,4,0,0
BRDA:101,4,1,0
BRDA:126,5,0,0
BRDA:146,6,0,0
BRDA:148,7,0,0
BRDA:148,7,1,0
BRDA:154,8,0,0
BRDA:154,8,1,0
BRDA:158,9,0,0
BRDA:160,10,0,0
BRDA:160,10,1,0
BRDA:164,11,0,0
BRDA:164,11,1,0
BRDA:167,12,0,0
BRDA:169,13,0,0
BRDA:169,13,1,0
BRDA:173,14,0,0
BRDA:175,15,0,0
BRDA:175,15,1,0
BRDA:179,16,0,0
BRDA:181,17,0,0
BRDA:181,17,1,0
BRDA:186,18,0,0
BRDA:199,19,0,0
BRDA:199,20,0,0
BRDA:199,20,1,0
BRDA:210,21,0,0
BRDA:225,22,0,0
BRDA:225,23,0,0
BRDA:225,23,1,0
BRDA:236,24,0,0
BRDA:237,25,0,0
BRDA:237,25,1,0
BRDA:237,25,2,0
BRDA:237,25,3,0
BRDA:242,26,0,0
BRDA:277,27,0,0
BRDA:277,27,1,0
BRF:43
BRH:1
end_of_record
TN:
SF:src/context/chrisContext.ts
FN:19,(anonymous_9)
FN:72,chrisContextURL_parse
FN:128,searchable_toID
FN:160,(anonymous_12)
FN:164,(anonymous_13)
FN:173,(anonymous_14)
FN:239,(anonymous_15)
FN:243,(anonymous_16)
FN:247,(anonymous_17)
FN:251,(anonymous_18)
FN:255,(anonymous_19)
FN:259,(anonymous_20)
FN:263,(anonymous_21)
FN:267,(anonymous_22)
FN:271,(anonymous_23)
FN:275,(anonymous_24)
FN:279,(anonymous_25)
FN:293,(anonymous_26)
FN:316,(anonymous_27)
FNF:19
FNH:2
FNDA:1,(anonymous_9)
FNDA:0,chrisContextURL_parse
FNDA:0,searchable_toID
FNDA:0,(anonymous_12)
FNDA:1,(anonymous_13)
FNDA:0,(anonymous_14)
FNDA:0,(anonymous_15)
FNDA:0,(anonymous_16)
FNDA:0,(anonymous_17)
FNDA:0,(anonymous_18)
FNDA:0,(anonymous_19)
FNDA:0,(anonymous_20)
FNDA:0,(anonymous_21)
FNDA:0,(anonymous_22)
FNDA:0,(anonymous_23)
FNDA:0,(anonymous_24)
FNDA:0,(anonymous_25)
FNDA:0,(anonymous_26)
FNDA:0,(anonymous_27)
DA:11,1
DA:12,1
DA:14,1
DA:19,1
DA:20,1
DA:21,1
DA:22,1
DA:23,1
DA:24,1
DA:72,1
DA:75,0
DA:85,0
DA:86,0
DA:87,0
DA:88,0
DA:92,0
DA:93,0
DA:94,0
DA:98,0
DA:99,0
DA:100,0
DA:102,0
DA:103,0
DA:106,0
DA:107,0
DA:108,0
DA:109,0
DA:111,0
DA:113,0
DA:119,0
DA:129,0
DA:130,0
DA:133,0
DA:134,0
DA:135,0
DA:136,0
DA:138,0
DA:144,1
DA:145,1
DA:151,1
DA:161,0
DA:174,0
DA:175,0
DA:177,0
DA:178,0
DA:181,0
DA:182,0
DA:184,0
DA:185,0
DA:186,0
DA:190,0
DA:191,0
DA:192,0
DA:194,0
DA:195,0
DA:196,0
DA:197,0
DA:201,0
DA:202,0
DA:205,0
DA:207,0
DA:208,0
DA:210,0
DA:211,0
DA:212,0
DA:216,0
DA:218,0
DA:221,0
DA:240,0
DA:244,0
DA:248,0
DA:252,0
DA:256,0
DA:260,0
DA:264,0
DA:268,0
DA:272,0
DA:276,0
DA:280,0
DA:281,0
DA:282,0
DA:283,0
DA:284,0
DA:285,0
DA:294,0
DA:295,0
DA:297,0
DA:299,0
DA:301,0
DA:303,0
DA:305,0
DA:307,0
DA:317,0
DA:318,0
DA:319,0
DA:321,0
DA:322,0
DA:323,0
DA:325,0
DA:326,0
DA:327,0
DA:329,0
DA:330,0
DA:331,0
DA:333,0
DA:334,0
DA:335,0
DA:337,0
DA:338,0
DA:339,0
DA:341,0
DA:342,0
DA:343,0
DA:350,1
LF:114
LH:14
BRDA:19,0,0,1
BRDA:19,0,1,1
BRDA:86,1,0,0
BRDA:93,2,0,0
BRDA:99,3,0,0
BRDA:107,4,0,0
BRDA:108,5,0,0
BRDA:108,5,1,0
BRDA:133,6,0,0
BRDA:177,7,0,0
BRDA:185,8,0,0
BRDA:201,9,0,0
BRDA:205,10,0,0
BRDA:211,11,0,0
BRDA:295,12,0,0
BRDA:295,12,1,0
BRDA:295,12,2,0
BRDA:295,12,3,0
BRDA:295,12,4,0
BRDA:319,13,0,0
BRDA:319,13,1,0
BRDA:319,13,2,0
BRDA:319,13,3,0
BRDA:319,13,4,0
BRF:24
BRH:2
end_of_record
TN:
SF:src/error/errorStack.ts
FN:28,padRight
FN:41,getCurrentFunctionName
FN:64,(anonymous_2)
FN:74,(anonymous_3)
FN:89,(anonymous_4)
FN:104,(anonymous_5)
FN:113,(anonymous_6)
FN:123,(anonymous_7)
FN:125,(anonymous_8)
FN:128,(anonymous_9)
FN:137,(anonymous_10)
FN:139,(anonymous_11)
FN:140,(anonymous_12)
FN:150,(anonymous_13)
FN:153,(anonymous_14)
FN:157,(anonymous_15)
FN:163,(anonymous_16)
FN:172,(anonymous_17)
FN:173,(anonymous_18)
FN:181,(anonymous_19)
FN:191,(anonymous_20)
FN:192,(anonymous_21)
FN:206,errorStack_configure
FNF:23
FNH:20
FNDA:15,padRight
FNDA:15,getCurrentFunctionName
FNDA:2,(anonymous_2)
FNDA:5,(anonymous_3)
FNDA:15,(anonymous_4)
FNDA:2,(anonymous_5)
FNDA:5,(anonymous_6)
FNDA:1,(anonymous_7)
FNDA:2,(anonymous_8)
FNDA:1,(anonymous_9)
FNDA:3,(anonymous_10)
FNDA:5,(anonymous_11)
FNDA:3,(anonymous_12)
FNDA:0,(anonymous_13)
FNDA:0,(anonymous_14)
FNDA:0,(anonymous_15)
FNDA:12,(anonymous_16)
FNDA:1,(anonymous_17)
FNDA:3,(anonymous_18)
FNDA:2,(anonymous_19)
FNDA:2,(anonymous_20)
FNDA:2,(anonymous_21)
FNDA:3,errorStack_configure
DA:29,15
DA:30,0
DA:32,15
DA:42,15
DA:43,15
DA:45,15
DA:46,0
DA:49,15
DA:50,15
DA:52,15
DA:61,2
DA:65,2
DA:75,5
DA:76,2
DA:78,5
DA:90,15
DA:91,15
DA:95,15
DA:96,15
DA:105,2
DA:114,5
DA:124,1
DA:126,2
DA:128,1
DA:138,3
DA:139,5
DA:140,3
DA:151,0
DA:154,0
DA:157,0
DA:164,12
DA:173,3
DA:182,2
DA:192,2
DA:199,2
DA:206,2
DA:207,3
LF:37
LH:32
BRDA:29,0,0,0
BRDA:45,1,0,0
BRDA:45,2,0,15
BRDA:45,2,1,15
BRDA:52,3,0,15
BRDA:52,3,1,0
BRDA:64,4,0,0
BRDA:65,5,0,2
BRDA:65,5,1,0
BRDA:75,6,0,2
BRDA:154,7,0,0
BRDA:154,7,1,0
BRF:12
BRH:5
end_of_record
TN:
SF:src/feeds/chrisFeed.ts
FN:32,(anonymous_0)
FN:43,(anonymous_1)
FN:51,(anonymous_2)
FN:58,(anonymous_3)
FN:67,(anonymous_4)
FN:89,(anonymous_5)
FNF:6
FNH:0
FNDA:0,(anonymous_0)
FNDA:0,(anonymous_1)
FNDA:0,(anonymous_2)
FNDA:0,(anonymous_3)
FNDA:0,(anonymous_4)
FNDA:0,(anonymous_5)
DA:14,1
DA:15,1
DA:19,1
DA:20,1
DA:21,1
DA:26,1
DA:31,1
DA:33,0
DA:40,1
DA:41,0
DA:52,0
DA:53,0
DA:55,0
DA:59,0
DA:60,0
DA:62,0
DA:64,0
DA:71,0
DA:72,0
DA:74,0
DA:75,0
DA:76,0
DA:78,0
DA:82,0
DA:83,0
DA:85,0
DA:86,0
DA:93,0
DA:94,0
DA:95,0
DA:98,0
DA:101,0
DA:102,0
DA:103,0
DA:106,0
DA:107,0
DA:111,0
DA:113,0
DA:114,0
DA:118,0
DA:123,0
DA:125,0
LF:42
LH:8
BRDA:52,0,0,0
BRDA:59,1,0,0
BRDA:59,1,1,0
BRDA:71,2,0,0
BRDA:75,3,0,0
BRDA:82,4,0,0
BRDA:94,5,0,0
BRDA:106,6,0,0
BRF:8
BRH:0
end_of_record
TN:
SF:src/filebrowser/chrisFileBrowser.ts
FN:26,(anonymous_0)
FN:41,(anonymous_1)
FN:51,(anonymous_2)
FN:62,(anonymous_3)
FN:70,(anonymous_4)
FN:88,(anonymous_5)
FN:106,(anonymous_6)
FN:125,(anonymous_7)
FN:150,(anonymous_8)
FN:158,(anonymous_9)
FNF:10
FNH:1
FNDA:1,(anonymous_0)
FNDA:0,(anonymous_1)
FNDA:0,(anonymous_2)
FNDA:0,(anonymous_3)
FNDA:0,(anonymous_4)
FNDA:0,(anonymous_5)
FNDA:0,(anonymous_6)
FNDA:0,(anonymous_7)
FNDA:0,(anonymous_8)
FNDA:0,(anonymous_9)
DA:12,1
DA:13,1
DA:26,1
DA:27,1
DA:28,1
DA:29,1
DA:35,1
DA:36,0
DA:37,0
DA:38,0
DA:39,0
DA:42,0
DA:43,0
DA:44,0
DA:52,0
DA:53,0
DA:55,0
DA:63,0
DA:71,0
DA:72,0
DA:73,0
DA:78,0
DA:79,0
DA:81,0
DA:89,0
DA:90,0
DA:91,0
DA:96,0
DA:97,0
DA:99,0
DA:107,0
DA:108,0
DA:109,0
DA:114,0
DA:115,0
DA:117,0
DA:126,0
DA:127,0
DA:128,0
DA:129,0
DA:131,0
DA:132,0
DA:134,0
DA:135,0
DA:137,0
DA:138,0
DA:140,0
DA:141,0
DA:143,0
DA:151,0
DA:159,0
LF:51
LH:7
BRDA:26,0,0,1
BRDA:26,0,1,1
BRDA:41,1,0,0
BRDA:52,2,0,0
BRDA:72,3,0,0
BRDA:72,4,0,0
BRDA:72,4,1,0
BRDA:90,5,0,0
BRDA:90,6,0,0
BRDA:90,6,1,0
BRDA:108,7,0,0
BRDA:108,8,0,0
BRDA:108,8,1,0
BRDA:127,9,0,0
BRDA:127,10,0,0
BRDA:127,10,1,0
BRDA:132,11,0,0
BRDA:132,11,1,0
BRDA:132,11,2,0
BRF:19
BRH:2
end_of_record
TN:
SF:src/filebrowser/chrisFiles.ts
FN:16,(anonymous_0)
FN:23,(anonymous_1)
FN:40,(anonymous_2)
FN:49,(anonymous_3)
FN:59,(anonymous_4)
FN:67,(anonymous_5)
FN:75,(anonymous_6)
FN:83,(anonymous_7)
FN:91,(anonymous_8)
FN:100,(anonymous_9)
FN:107,(anonymous_10)
FN:138,ChRISinode_create
FNF:12
FNH:0
FNDA:0,(anonymous_0)
FNDA:0,(anonymous_1)
FNDA:0,(anonymous_2)
FNDA:0,(anonymous_3)
FNDA:0,(anonymous_4)
FNDA:0,(anonymous_5)
FNDA:0,(anonymous_6)
FNDA:0,(anonymous_7)
FNDA:0,(anonymous_8)
FNDA:0,(anonymous_9)
FNDA:0,(anonymous_10)
FNDA:0,ChRISinode_create
DA:10,1
DA:13,1
DA:17,0
DA:18,0
DA:24,0
DA:25,0
DA:34,1
DA:35,0
DA:36,0
DA:38,0
DA:41,0
DA:50,0
DA:51,0
DA:52,0
DA:60,0
DA:68,0
DA:76,0
DA:84,0
DA:92,0
DA:101,0
DA:108,0
DA:109,0
DA:110,0
DA:113,0
DA:114,0
DA:116,0
DA:119,0
DA:120,0
DA:123,0
DA:124,0
DA:125,0
DA:127,0
DA:128,0
DA:129,0
DA:138,1
DA:139,0
DA:140,0
DA:142,0
DA:143,0
LF:39
LH:4
BRDA:40,0,0,0
BRDA:49,1,0,0
BRDA:101,2,0,0
BRDA:101,2,1,0
BRDA:109,3,0,0
BRDA:116,4,0,0
BRDA:116,4,1,0
BRDA:119,5,0,0
BRDA:128,6,0,0
BRDA:128,7,0,0
BRDA:128,7,1,0
BRF:11
BRH:0
end_of_record
TN:
SF:src/io/browser_io.ts
FN:18,(anonymous_0)
FN:28,(anonymous_1)
FN:40,(anonymous_2)
FN:51,(anonymous_3)
FN:64,(anonymous_4)
FN:75,(anonymous_5)
FN:87,(anonymous_6)
FN:113,(anonymous_7)
FNF:8
FNH:0
FNDA:0,(anonymous_0)
FNDA:0,(anonymous_1)
FNDA:0,(anonymous_2)
FNDA:0,(anonymous_3)
FNDA:0,(anonymous_4)
FNDA:0,(anonymous_5)
FNDA:0,(anonymous_6)
FNDA:0,(anonymous_7)
DA:14,1
DA:16,0
DA:19,0
DA:29,0
DA:30,0
DA:41,0
DA:42,0
DA:52,0
DA:53,0
DA:66,0
DA:76,0
DA:88,0
DA:89,0
DA:90,0
DA:91,0
DA:92,0
DA:94,0
DA:95,0
DA:96,0
DA:98,0
DA:99,0
DA:103,0
DA:114,0
DA:115,0
DA:116,0
DA:117,0
DA:120,0
LF:27
LH:1
BRDA:30,0,0,0
BRDA:30,0,1,0
BRDA:88,1,0,0
BRDA:88,1,1,0
BRDA:91,2,0,0
BRDA:95,3,0,0
BRDA:98,4,0,0
BRDA:114,5,0,0
BRDA:114,5,1,0
BRDA:116,6,0,0
BRF:10
BRH:0
end_of_record
TN:
SF:src/io/chrisIO.ts
FN:21,(anonymous_0)
FN:29,(anonymous_1)
FN:36,(anonymous_2)
FN:40,(anonymous_3)
FN:48,(anonymous_4)
FN:67,(anonymous_5)
FN:79,(anonymous_6)
FN:121,(anonymous_7)
FN:151,(anonymous_8)
FNF:9
FNH:1
FNDA:1,(anonymous_0)
FNDA:0,(anonymous_1)
FNDA:0,(anonymous_2)
FNDA:0,(anonymous_3)
FNDA:0,(anonymous_4)
FNDA:0,(anonymous_5)
FNDA:0,(anonymous_6)
FNDA:0,(anonymous_7)
FNDA:0,(anonymous_8)
DA:10,1
DA:12,1
DA:17,1
DA:18,1
DA:19,1
DA:30,0
DA:31,0
DA:33,0
DA:37,0
DA:41,0
DA:49,0
DA:50,0
DA:51,0
DA:53,0
DA:55,0
DA:56,0
DA:58,0
DA:63,0
DA:68,0
DA:80,0
DA:81,0
DA:82,0
DA:83,0
DA:86,0
DA:87,0
DA:89,0
DA:90,0
DA:93,0
DA:95,0
DA:96,0
DA:97,0
DA:98,0
DA:99,0
DA:100,0
DA:101,0
DA:103,0
DA:106,0
DA:111,0
DA:122,0
DA:123,0
DA:124,0
DA:125,0
DA:128,0
DA:129,0
DA:133,0
DA:135,0
DA:136,0
DA:138,0
DA:143,0
DA:152,0
DA:153,0
DA:154,0
DA:156,0
DA:160,0
DA:161,0
DA:162,0
DA:165,0
DA:167,0
DA:168,0
DA:175,1
LF:60
LH:6
BRDA:30,0,0,0
BRDA:50,1,0,0
BRDA:61,2,0,0
BRDA:61,2,1,0
BRDA:69,3,0,0
BRDA:69,3,1,0
BRDA:69,3,2,0
BRDA:81,4,0,0
BRDA:89,5,0,0
BRDA:95,6,0,0
BRDA:95,6,1,0
BRDA:97,7,0,0
BRDA:97,7,1,0
BRDA:99,8,0,0
BRDA:99,8,1,0
BRDA:109,9,0,0
BRDA:109,9,1,0
BRDA:123,10,0,0
BRDA:141,11,0,0
BRDA:141,11,1,0
BRDA:153,12,0,0
BRF:21
BRH:0
end_of_record
TN:
SF:src/io/io.ts
FN:15,(anonymous_0)
FNF:1
FNH:0
FNDA:0,(anonymous_0)
DA:15,1
LF:1
LH:1
BRF:0
BRH:0
end_of_record
TN:
SF:src/io/node_io.ts
FN:22,(anonymous_9)
FN:29,(anonymous_10)
FN:44,(anonymous_11)
FN:55,(anonymous_12)
FN:68,(anonymous_13)
FN:81,(anonymous_14)
FN:96,(anonymous_15)
FN:110,(anonymous_16)
FNF:8
FNH:0
FNDA:0,(anonymous_9)
FNDA:0,(anonymous_10)
FNDA:0,(anonymous_11)
FNDA:0,(anonymous_12)
FNDA:0,(anonymous_13)
FNDA:0,(anonymous_14)
FNDA:0,(anonymous_15)
FNDA:0,(anonymous_16)
DA:12,1
DA:13,1
DA:14,1
DA:21,1
DA:23,0
DA:24,0
DA:26,0
DA:30,0
DA:31,0
DA:32,0
DA:33,0
DA:35,0
DA:37,0
DA:38,0
DA:40,0
DA:45,0
DA:46,0
DA:47,0
DA:48,0
DA:49,0
DA:51,0
DA:56,0
DA:57,0
DA:58,0
DA:59,0
DA:62,0
DA:69,0
DA:70,0
DA:71,0
DA:73,0
DA:74,0
DA:82,0
DA:83,0
DA:84,0
DA:85,0
DA:87,0
DA:88,0
DA:90,0
DA:97,0
DA:98,0
DA:99,0
DA:101,0
DA:102,0
DA:104,0
DA:111,0
DA:112,0
DA:113,0
DA:114,0
DA:116,0
DA:117,0
DA:119,0
LF:51
LH:4
BRDA:23,0,0,0
BRDA:32,1,0,0
BRDA:37,2,0,0
BRDA:58,3,0,0
BRDA:73,4,0,0
BRDA:87,5,0,0
BRDA:101,6,0,0
BRDA:116,7,0,0
BRF:8
BRH:0
end_of_record
TN:
SF:src/plugins/chrisPluginMetaPlugins.ts
FN:7,(anonymous_0)
FNF:1
FNH:0
FNDA:0,(anonymous_0)
DA:1,1
DA:6,1
DA:8,0
LF:3
LH:2
BRF:0
BRH:0
end_of_record
TN:
SF:src/plugins/chrisPlugins.ts
FN:37,(anonymous_0)
FN:52,(anonymous_1)
FN:60,(anonymous_2)
FN:67,(anonymous_3)
FN:74,(anonymous_4)
FN:87,(anonymous_5)
FN:99,(anonymous_6)
FN:123,(anonymous_7)
FN:144,(anonymous_8)
FN:178,(anonymous_9)
FN:199,(anonymous_10)
FN:225,(anonymous_11)
FNF:12
FNH:0
FNDA:0,(anonymous_0)
FNDA:0,(anonymous_1)
FNDA:0,(anonymous_2)
FNDA:0,(anonymous_3)
FNDA:0,(anonymous_4)
FNDA:0,(anonymous_5)
FNDA:0,(anonymous_6)
FNDA:0,(anonymous_7)
FNDA:0,(anonymous_8)
FNDA:0,(anonymous_9)
FNDA:0,(anonymous_10)
FNDA:0,(anonymous_11)
DA:12,1
DA:13,1
DA:14,1
DA:21,1
DA:22,1
DA:31,1
DA:36,1
DA:38,0
DA:49,1
DA:50,0
DA:61,0
DA:62,0
DA:64,0
DA:68,0
DA:69,0
DA:71,0
DA:76,0
DA:77,0
DA:80,0
DA:81,0
DA:82,0
DA:84,0
DA:88,0
DA:89,0
DA:90,0
DA:94,0
DA:96,0
DA:104,0
DA:105,0
DA:106,0
DA:107,0
DA:109,0
DA:114,0
DA:116,0
DA:117,0
DA:118,0
DA:120,0
DA:126,0
DA:127,0
DA:129,0
DA:130,0
DA:132,0
DA:133,0
DA:134,0
DA:138,0
DA:140,0
DA:141,0
DA:146,0
DA:147,0
DA:149,0
DA:151,0
DA:152,0
DA:155,0
DA:157,0
DA:158,0
DA:161,0
DA:163,0
DA:164,0
DA:169,0
DA:174,0
DA:182,0
DA:184,0
DA:186,0
DA:189,0
DA:190,0
DA:192,0
DA:196,0
DA:202,0
DA:205,0
DA:209,0
DA:210,0
DA:214,0
DA:216,0
DA:217,0
DA:222,0
DA:226,0
LF:76
LH:8
BRDA:61,0,0,0
BRDA:68,1,0,0
BRDA:80,2,0,0
BRDA:80,3,0,0
BRDA:80,3,1,0
BRDA:89,4,0,0
BRDA:105,5,0,0
BRDA:116,6,0,0
BRDA:126,7,0,0
BRDA:133,8,0,0
BRDA:146,9,0,0
BRDA:151,10,0,0
BRDA:163,11,0,0
BRDA:163,11,1,0
BRDA:189,12,0,0
BRDA:209,13,0,0
BRDA:216,14,0,0
BRF:17
BRH:0
end_of_record
TN:
SF:src/resources/chrisEmbeddedResourceGroup.ts
FN:20,(anonymous_0)
FN:30,(anonymous_1)
FN:40,(anonymous_2)
FN:51,context_split
FN:88,(anonymous_4)
FN:94,(anonymous_5)
FN:127,(anonymous_6)
FNF:7
FNH:0
FNDA:0,(anonymous_0)
FNDA:0,(anonymous_1)
FNDA:0,(anonymous_2)
FNDA:0,context_split
FNDA:0,(anonymous_4)
FNDA:0,(anonymous_5)
FNDA:0,(anonymous_6)
DA:10,1
DA:12,1
DA:13,1
DA:19,1
DA:21,0
DA:22,0
DA:29,1
DA:31,0
DA:32,0
DA:39,1
DA:41,0
DA:42,0
DA:52,0
DA:53,0
DA:58,0
DA:59,0
DA:60,0
DA:64,0
DA:82,1
DA:89,0
DA:90,0
DA:91,0
DA:100,0
DA:101,0
DA:104,0
DA:105,0
DA:109,0
DA:111,0
DA:117,0
DA:119,0
DA:123,0
DA:130,0
DA:131,0
DA:132,0
DA:136,0
DA:137,0
DA:139,0
DA:140,0
DA:142,0
DA:145,0
DA:146,0
DA:147,0
DA:149,0
DA:152,0
DA:154,0
DA:157,0
DA:159,0
DA:162,0
DA:164,0
DA:170,0
DA:171,0
DA:175,0
DA:178,0
DA:179,0
DA:183,0
DA:186,0
LF:56
LH:7
BRDA:51,0,0,0
BRDA:52,1,0,0
BRDA:59,2,0,0
BRDA:104,3,0,0
BRDA:131,4,0,0
BRDA:139,5,0,0
BRDA:147,6,0,0
BRDA:147,6,1,0
BRDA:147,6,2,0
BRDA:147,6,3,0
BRDA:170,7,0,0
BRDA:170,7,1,0
BRDA:178,8,0,0
BRF:13
BRH:0
end_of_record
TN:
SF:src/resources/chrisObjContext.ts
FN:14,(anonymous_0)
FN:25,(anonymous_1)
FN:29,(anonymous_2)
FN:112,objContext_create
FNF:4
FNH:1
FNDA:0,(anonymous_0)
FNDA:6,(anonymous_1)
FNDA:0,(anonymous_2)
FNDA:0,objContext_create
DA:1,1
DA:3,1
DA:15,0
DA:16,0
DA:22,6
DA:26,6
DA:32,0
DA:34,0
DA:35,0
DA:38,0
DA:40,0
DA:45,0
DA:46,0
DA:48,0
DA:49,0
DA:52,0
DA:53,0
DA:57,0
DA:58,0
DA:61,0
DA:66,1
DA:99,1
DA:101,1
DA:102,6
DA:112,1
DA:116,0
DA:117,0
DA:118,0
DA:119,0
DA:121,0
DA:122,0
DA:124,0
DA:125,0
LF:33
LH:9
BRDA:34,0,0,0
BRDA:45,1,0,0
BRDA:52,2,0,0
BRDA:52,2,1,0
BRDA:117,3,0,0
BRF:5
BRH:0
end_of_record
TN:
SF:src/resources/chrisResourceGroup.ts
FN:27,(anonymous_0)
FN:38,(anonymous_1)
FN:48,(anonymous_2)
FN:52,(anonymous_3)
FNF:4
FNH:0
FNDA:0,(anonymous_0)
FNDA:0,(anonymous_1)
FNDA:0,(anonymous_2)
FNDA:0,(anonymous_3)
DA:12,1
DA:13,1
DA:18,1
DA:28,0
DA:29,0
DA:31,0
DA:32,0
DA:37,0
DA:38,0
DA:49,0
DA:53,0
LF:11
LH:3
BRDA:31,0,0,0
BRDA:31,0,1,0
BRF:2
BRH:0
end_of_record
TN:
SF:src/resources/chrisResources.ts
FN:88,(anonymous_0)
FN:96,(anonymous_1)
FN:103,(anonymous_2)
FN:107,(anonymous_3)
FN:111,(anonymous_4)
FN:120,(anonymous_5)
FN:121,(anonymous_6)
FN:132,(anonymous_7)
FN:141,(anonymous_8)
FN:159,(anonymous_9)
FN:165,(anonymous_10)
FN:178,(anonymous_11)
FN:194,(anonymous_12)
FN:204,(anonymous_13)
FN:224,(anonymous_14)
FN:238,(anonymous_15)
FN:249,(anonymous_16)
FN:253,(anonymous_17)
FN:263,(anonymous_18)
FN:269,(anonymous_19)
FN:277,(anonymous_20)
FN:289,(anonymous_21)
FN:294,(anonymous_22)
FN:328,(anonymous_23)
FN:353,(anonymous_24)
FN:361,(anonymous_25)
FN:366,(anonymous_26)
FN:367,(anonymous_27)
FN:374,(anonymous_28)
FN:394,(anonymous_29)
FN:452,resourceFields_get
FNF:31
FNH:0
FNDA:0,(anonymous_0)
FNDA:0,(anonymous_1)
FNDA:0,(anonymous_2)
FNDA:0,(anonymous_3)
FNDA:0,(anonymous_4)
FNDA:0,(anonymous_5)
FNDA:0,(anonymous_6)
FNDA:0,(anonymous_7)
FNDA:0,(anonymous_8)
FNDA:0,(anonymous_9)
FNDA:0,(anonymous_10)
FNDA:0,(anonymous_11)
FNDA:0,(anonymous_12)
FNDA:0,(anonymous_13)
FNDA:0,(anonymous_14)
FNDA:0,(anonymous_15)
FNDA:0,(anonymous_16)
FNDA:0,(anonymous_17)
FNDA:0,(anonymous_18)
FNDA:0,(anonymous_19)
FNDA:0,(anonymous_20)
FNDA:0,(anonymous_21)
FNDA:0,(anonymous_22)
FNDA:0,(anonymous_23)
FNDA:0,(anonymous_24)
FNDA:0,(anonymous_25)
FNDA:0,(anonymous_26)
FNDA:0,(anonymous_27)
FNDA:0,(anonymous_28)
FNDA:0,(anonymous_29)
FNDA:0,resourceFields_get
DA:11,1
DA:12,1
DA:77,1
DA:78,0
DA:79,0
DA:80,0
DA:81,0
DA:82,0
DA:83,0
DA:84,0
DA:85,0
DA:86,0
DA:97,0
DA:98,0
DA:100,0
DA:104,0
DA:108,0
DA:112,0
DA:121,0
DA:122,0
DA:123,0
DA:133,0
DA:142,0
DA:143,0
DA:145,0
DA:146,0
DA:147,0
DA:148,0
DA:150,0
DA:162,0
DA:163,0
DA:165,0
DA:184,0
DA:185,0
DA:199,0
DA:200,0
DA:201,0
DA:205,0
DA:206,0
DA:207,0
DA:209,0
DA:210,0
DA:211,0
DA:213,0
DA:227,0
DA:230,0
DA:241,0
DA:242,0
DA:244,0
DA:245,0
DA:247,0
DA:249,0
DA:250,0
DA:253,0
DA:254,0
DA:255,0
DA:258,0
DA:260,0
DA:266,0
DA:267,0
DA:269,0
DA:270,0
DA:274,0
DA:281,0
DA:282,0
DA:283,0
DA:284,0
DA:285,0
DA:286,0
DA:288,0
DA:289,0
DA:291,0
DA:298,0
DA:299,0
DA:301,0
DA:302,0
DA:304,0
DA:306,0
DA:307,0
DA:308,0
DA:310,0
DA:311,0
DA:312,0
DA:317,0
DA:319,0
DA:325,0
DA:331,0
DA:336,0
DA:338,0
DA:339,0
DA:341,0
DA:342,0
DA:343,0
DA:345,0
DA:346,0
DA:348,0
DA:350,0
DA:354,0
DA:358,0
DA:362,0
DA:363,0
DA:366,0
DA:367,0
DA:369,0
DA:370,0
DA:374,0
DA:375,0
DA:376,0
DA:379,0
DA:380,0
DA:383,0
DA:384,0
DA:386,0
DA:391,0
DA:398,0
DA:404,0
DA:405,0
DA:406,0
DA:407,0
DA:410,0
DA:412,0
DA:414,0
DA:415,0
DA:417,0
DA:418,0
DA:420,0
DA:421,0
DA:424,0
DA:427,0
DA:428,0
DA:429,0
DA:431,0
DA:432,0
DA:434,0
DA:435,0
DA:436,0
DA:437,0
DA:439,0
DA:442,0
DA:452,1
DA:456,0
DA:458,0
DA:460,0
DA:465,0
DA:466,0
DA:468,0
LF:146
LH:4
BRDA:97,0,0,0
BRDA:142,1,0,0
BRDA:162,2,0,0
BRDA:185,3,0,0
BRDA:201,4,0,0
BRDA:205,5,0,0
BRDA:205,6,0,0
BRDA:205,6,1,0
BRDA:205,6,2,0
BRDA:207,7,0,0
BRDA:210,8,0,0
BRDA:210,8,1,0
BRDA:241,9,0,0
BRDA:247,10,0,0
BRDA:254,11,0,0
BRDA:266,12,0,0
BRDA:266,13,0,0
BRDA:266,13,1,0
BRDA:283,14,0,0
BRDA:283,14,1,0
BRDA:285,15,0,0
BRDA:288,16,0,0
BRDA:298,17,0,0
BRDA:301,18,0,0
BRDA:307,19,0,0
BRDA:310,20,0,0
BRDA:311,21,0,0
BRDA:332,22,0,0
BRDA:332,22,1,0
BRDA:333,23,0,0
BRDA:333,23,1,0
BRDA:338,24,0,0
BRDA:342,25,0,0
BRDA:346,26,0,0
BRDA:355,27,0,0
BRDA:355,27,1,0
BRDA:356,28,0,0
BRDA:356,28,1,0
BRDA:362,29,0,0
BRDA:362,30,0,0
BRDA:362,30,1,0
BRDA:369,31,0,0
BRDA:375,32,0,0
BRDA:383,33,0,0
BRDA:383,33,1,0
BRDA:391,34,0,0
BRDA:391,34,1,0
BRDA:406,35,0,0
BRDA:412,36,0,0
BRDA:420,37,0,0
BRDA:420,38,0,0
BRDA:420,38,1,0
BRDA:428,39,0,0
BRDA:434,40,0,0
BRDA:436,41,0,0
BRDA:465,42,0,0
BRF:56
BRH:0
end_of_record
TN:
SF:src/utils/keypair.ts
FN:42,CLI_toDictionary
FN:72,keyPairString_parse
FN:76,(anonymous_2)
FN:77,(anonymous_3)
FN:78,(anonymous_4)
FN:94,keyPairParams_apply
FN:105,options_reduce
FN:110,(anonymous_7)
FN:133,options_toParams
FN:160,record_extract
FN:165,(anonymous_10)
FNF:11
FNH:0
FNDA:0,CLI_toDictionary
FNDA:0,keyPairString_parse
FNDA:0,(anonymous_2)
FNDA:0,(anonymous_3)
FNDA:0,(anonymous_4)
FNDA:0,keyPairParams_apply
FNDA:0,options_reduce
FNDA:0,(anonymous_7)
FNDA:0,options_toParams
FNDA:0,record_extract
FNDA:0,(anonymous_10)
DA:42,1
DA:43,0
DA:45,0
DA:46,0
DA:48,0
DA:49,0
DA:51,0
DA:53,0
DA:54,0
DA:55,0
DA:57,0
DA:58,0
DA:59,0
DA:63,0
DA:72,1
DA:75,0
DA:76,0
DA:77,0
DA:78,0
DA:79,0
DA:80,0
DA:81,0
DA:84,0
DA:94,1
DA:98,0
DA:99,0
DA:100,0
DA:102,0
DA:106,0
DA:107,0
DA:108,0
DA:110,0
DA:111,0
DA:112,0
DA:113,0
DA:114,0
DA:117,0
DA:119,0
DA:122,0
DA:133,1
DA:137,0
DA:139,0
DA:140,0
DA:142,0
DA:143,0
DA:146,0
DA:147,0
DA:150,0
DA:160,1
DA:164,0
DA:165,0
DA:167,0
LF:52
LH:5
BRDA:45,0,0,0
BRDA:45,0,1,0
BRDA:51,1,0,0
BRDA:51,1,1,0
BRDA:55,2,0,0
BRDA:58,3,0,0
BRDA:58,3,1,0
BRDA:80,4,0,0
BRDA:80,5,0,0
BRDA:80,5,1,0
BRDA:98,6,0,0
BRDA:106,7,0,0
BRDA:106,8,0,0
BRDA:106,8,1,0
BRDA:113,9,0,0
BRDA:113,10,0,0
BRDA:113,10,1,0
BRDA:135,11,0,0
BRDA:139,12,0,0
BRDA:139,12,1,0
BRDA:140,13,0,0
BRDA:140,13,1,0
BRDA:142,14,0,0
BRDA:146,15,0,0
BRDA:146,16,0,0
BRDA:146,16,1,0
BRF:26
BRH:0
end_of_record
